{"D:\\laragon\\www\\git-limacentro\\components\\AuthModal.tsx": {"path":"D:\\laragon\\www\\git-limacentro\\components\\AuthModal.tsx","statementMap":{"0":{"start":{"line":10,"column":13},"end":{"line":10,"column":51}},"1":{"start":{"line":1,"column":32},"end":{"line":1,"column":null}},"2":{"start":{"line":2,"column":24},"end":{"line":2,"column":null}},"3":{"start":{"line":3,"column":45},"end":{"line":3,"column":null}},"4":{"start":{"line":10,"column":51},"end":{"line":171,"column":null}},"5":{"start":{"line":11,"column":30},"end":{"line":11,"column":null}},"6":{"start":{"line":12,"column":32},"end":{"line":12,"column":null}},"7":{"start":{"line":13,"column":36},"end":{"line":13,"column":null}},"8":{"start":{"line":14,"column":28},"end":{"line":14,"column":null}},"9":{"start":{"line":15,"column":34},"end":{"line":19,"column":null}},"10":{"start":{"line":21,"column":28},"end":{"line":25,"column":null}},"11":{"start":{"line":22,"column":28},"end":{"line":22,"column":36}},"12":{"start":{"line":23,"column":4},"end":{"line":23,"column":null}},"13":{"start":{"line":23,"column":25},"end":{"line":23,"column":null}},"14":{"start":{"line":24,"column":4},"end":{"line":24,"column":null}},"15":{"start":{"line":27,"column":23},"end":{"line":44,"column":null}},"16":{"start":{"line":28,"column":4},"end":{"line":28,"column":null}},"17":{"start":{"line":29,"column":4},"end":{"line":29,"column":null}},"18":{"start":{"line":30,"column":4},"end":{"line":30,"column":null}},"19":{"start":{"line":32,"column":4},"end":{"line":43,"column":null}},"20":{"start":{"line":33,"column":6},"end":{"line":37,"column":null}},"21":{"start":{"line":34,"column":8},"end":{"line":34,"column":null}},"22":{"start":{"line":36,"column":8},"end":{"line":36,"column":null}},"23":{"start":{"line":38,"column":6},"end":{"line":38,"column":null}},"24":{"start":{"line":40,"column":6},"end":{"line":40,"column":null}},"25":{"start":{"line":42,"column":6},"end":{"line":42,"column":null}},"26":{"start":{"line":46,"column":2},"end":{"line":46,"column":null}},"27":{"start":{"line":46,"column":15},"end":{"line":46,"column":null}},"28":{"start":{"line":158,"column":16},"end":{"line":158,"column":null}},"29":{"start":{"line":159,"column":16},"end":{"line":159,"column":null}},"30":{"start":{"line":160,"column":16},"end":{"line":160,"column":null}}},"fnMap":{"0":{"name":"(anonymous_4)","decl":{"start":{"line":10,"column":51},"end":{"line":10,"column":52}},"loc":{"start":{"line":10,"column":71},"end":{"line":171,"column":null}}},"1":{"name":"(anonymous_5)","decl":{"start":{"line":21,"column":28},"end":{"line":21,"column":29}},"loc":{"start":{"line":21,"column":29},"end":{"line":25,"column":null}}},"2":{"name":"(anonymous_6)","decl":{"start":{"line":23,"column":16},"end":{"line":23,"column":25}},"loc":{"start":{"line":23,"column":25},"end":{"line":23,"column":null}}},"3":{"name":"(anonymous_7)","decl":{"start":{"line":27,"column":23},"end":{"line":27,"column":30}},"loc":{"start":{"line":27,"column":30},"end":{"line":44,"column":null}}},"4":{"name":"(anonymous_8)","decl":{"start":{"line":157,"column":23},"end":{"line":157,"column":null}},"loc":{"start":{"line":157,"column":23},"end":{"line":161,"column":null}}}},"branchMap":{"0":{"loc":{"start":{"line":33,"column":6},"end":{"line":37,"column":null}},"type":"if","locations":[{"start":{"line":33,"column":6},"end":{"line":37,"column":null}},{"start":{"line":35,"column":13},"end":{"line":37,"column":null}}]},"1":{"loc":{"start":{"line":40,"column":15},"end":{"line":40,"column":null}},"type":"binary-expr","locations":[{"start":{"line":40,"column":15},"end":{"line":40,"column":26}},{"start":{"line":40,"column":30},"end":{"line":40,"column":null}}]},"2":{"loc":{"start":{"line":46,"column":2},"end":{"line":46,"column":null}},"type":"if","locations":[{"start":{"line":46,"column":2},"end":{"line":46,"column":null}},{"start":{},"end":{}}]},"3":{"loc":{"start":{"line":54,"column":13},"end":{"line":54,"column":null}},"type":"cond-expr","locations":[{"start":{"line":54,"column":23},"end":{"line":54,"column":42}},{"start":{"line":54,"column":42},"end":{"line":54,"column":null}}]},"4":{"loc":{"start":{"line":67,"column":11},"end":{"line":67,"column":null}},"type":"binary-expr","locations":[{"start":{"line":67,"column":11},"end":{"line":67,"column":null}}]},"5":{"loc":{"start":{"line":74,"column":11},"end":{"line":74,"column":null}},"type":"binary-expr","locations":[{"start":{"line":74,"column":11},"end":{"line":74,"column":null}}]},"6":{"loc":{"start":{"line":141,"column":13},"end":{"line":147,"column":null}},"type":"cond-expr","locations":[{"start":{"line":142,"column":14},"end":{"line":147,"column":24}},{"start":{"line":147,"column":14},"end":{"line":147,"column":null}}]},"7":{"loc":{"start":{"line":147,"column":14},"end":{"line":147,"column":null}},"type":"cond-expr","locations":[{"start":{"line":147,"column":24},"end":{"line":147,"column":43}},{"start":{"line":147,"column":43},"end":{"line":147,"column":null}}]},"8":{"loc":{"start":{"line":155,"column":13},"end":{"line":155,"column":68}},"type":"cond-expr","locations":[{"start":{"line":155,"column":23},"end":{"line":155,"column":46}},{"start":{"line":155,"column":46},"end":{"line":155,"column":68}}]},"9":{"loc":{"start":{"line":164,"column":15},"end":{"line":164,"column":null}},"type":"cond-expr","locations":[{"start":{"line":164,"column":25},"end":{"line":164,"column":41}},{"start":{"line":164,"column":41},"end":{"line":164,"column":null}}]}},"s":{"0":0,"1":0,"2":0,"3":0,"4":0,"5":0,"6":0,"7":0,"8":0,"9":0,"10":0,"11":0,"12":0,"13":0,"14":0,"15":0,"16":0,"17":0,"18":0,"19":0,"20":0,"21":0,"22":0,"23":0,"24":0,"25":0,"26":0,"27":0,"28":0,"29":0,"30":0},"f":{"0":0,"1":0,"2":0,"3":0,"4":0},"b":{"0":[0,0],"1":[0,0],"2":[0,0],"3":[0,0],"4":[0],"5":[0],"6":[0,0],"7":[0,0],"8":[0,0],"9":[0,0]}}
,"D:\\laragon\\www\\git-limacentro\\components\\BusinessCard.tsx": {"path":"D:\\laragon\\www\\git-limacentro\\components\\BusinessCard.tsx","statementMap":{"0":{"start":{"line":12,"column":13},"end":{"line":12,"column":57}},"1":{"start":{"line":1,"column":18},"end":{"line":1,"column":null}},"2":{"start":{"line":3,"column":37},"end":{"line":3,"column":null}},"3":{"start":{"line":4,"column":31},"end":{"line":4,"column":null}},"4":{"start":{"line":12,"column":57},"end":{"line":91,"column":null}},"5":{"start":{"line":15,"column":21},"end":{"line":15,"column":null}},"6":{"start":{"line":42,"column":36},"end":{"line":42,"column":null}},"7":{"start":{"line":43,"column":29},"end":{"line":43,"column":null}},"8":{"start":{"line":43,"column":54},"end":{"line":43,"column":null}},"9":{"start":{"line":44,"column":14},"end":{"line":44,"column":null}},"10":{"start":{"line":44,"column":27},"end":{"line":44,"column":null}}},"fnMap":{"0":{"name":"(anonymous_2)","decl":{"start":{"line":12,"column":57},"end":{"line":12,"column":58}},"loc":{"start":{"line":12,"column":89},"end":{"line":91,"column":null}}},"1":{"name":"(anonymous_3)","decl":{"start":{"line":15,"column":15},"end":{"line":15,"column":21}},"loc":{"start":{"line":15,"column":21},"end":{"line":15,"column":null}}},"2":{"name":"(anonymous_4)","decl":{"start":{"line":41,"column":14},"end":{"line":41,"column":null}},"loc":{"start":{"line":41,"column":14},"end":{"line":51,"column":null}}},"3":{"name":"(anonymous_5)","decl":{"start":{"line":43,"column":49},"end":{"line":43,"column":54}},"loc":{"start":{"line":43,"column":54},"end":{"line":43,"column":null}}}},"branchMap":{"0":{"loc":{"start":{"line":19,"column":10},"end":{"line":19,"column":76}},"type":"cond-expr","locations":[{"start":{"line":19,"column":21},"end":{"line":19,"column":65}},{"start":{"line":19,"column":65},"end":{"line":19,"column":76}}]},"1":{"loc":{"start":{"line":26,"column":15},"end":{"line":26,"column":null}},"type":"binary-expr","locations":[{"start":{"line":26,"column":15},"end":{"line":26,"column":32}},{"start":{"line":26,"column":36},"end":{"line":26,"column":null}}]},"2":{"loc":{"start":{"line":44,"column":14},"end":{"line":44,"column":null}},"type":"if","locations":[{"start":{"line":44,"column":14},"end":{"line":44,"column":null}},{"start":{},"end":{}}]},"3":{"loc":{"start":{"line":65,"column":11},"end":{"line":65,"column":25}},"type":"binary-expr","locations":[{"start":{"line":65,"column":11},"end":{"line":65,"column":25}}]},"4":{"loc":{"start":{"line":75,"column":11},"end":{"line":75,"column":27}},"type":"binary-expr","locations":[{"start":{"line":75,"column":11},"end":{"line":75,"column":27}}]}},"s":{"0":4,"1":1,"2":1,"3":1,"4":1,"5":1,"6":4,"7":4,"8":20,"9":4,"10":0},"f":{"0":4,"1":1,"2":4,"3":20},"b":{"0":[1,3],"1":[4,0],"2":[0,4],"3":[4],"4":[4]}}
,"D:\\laragon\\www\\git-limacentro\\components\\BusinessDetailView.tsx": {"path":"D:\\laragon\\www\\git-limacentro\\components\\BusinessDetailView.tsx","statementMap":{"0":{"start":{"line":10,"column":13},"end":{"line":10,"column":69}},"1":{"start":{"line":1,"column":18},"end":{"line":1,"column":null}},"2":{"start":{"line":3,"column":58},"end":{"line":3,"column":null}},"3":{"start":{"line":10,"column":69},"end":{"line":116,"column":null}}},"fnMap":{"0":{"name":"(anonymous_2)","decl":{"start":{"line":10,"column":69},"end":{"line":10,"column":70}},"loc":{"start":{"line":10,"column":91},"end":{"line":116,"column":null}}}},"branchMap":{"0":{"loc":{"start":{"line":42,"column":25},"end":{"line":42,"column":null}},"type":"binary-expr","locations":[{"start":{"line":42,"column":25},"end":{"line":42,"column":42}},{"start":{"line":42,"column":46},"end":{"line":42,"column":null}}]},"1":{"loc":{"start":{"line":79,"column":21},"end":{"line":79,"column":35}},"type":"binary-expr","locations":[{"start":{"line":79,"column":21},"end":{"line":79,"column":35}}]},"2":{"loc":{"start":{"line":90,"column":21},"end":{"line":90,"column":37}},"type":"binary-expr","locations":[{"start":{"line":90,"column":21},"end":{"line":90,"column":37}}]}},"s":{"0":0,"1":0,"2":0,"3":0},"f":{"0":0},"b":{"0":[0,0],"1":[0],"2":[0]}}
,"D:\\laragon\\www\\git-limacentro\\components\\BusinessForm.tsx": {"path":"D:\\laragon\\www\\git-limacentro\\components\\BusinessForm.tsx","statementMap":{"0":{"start":{"line":12,"column":13},"end":{"line":12,"column":57}},"1":{"start":{"line":1,"column":32},"end":{"line":1,"column":null}},"2":{"start":{"line":2,"column":43},"end":{"line":2,"column":null}},"3":{"start":{"line":3,"column":31},"end":{"line":3,"column":null}},"4":{"start":{"line":5,"column":48},"end":{"line":5,"column":null}},"5":{"start":{"line":12,"column":57},"end":{"line":243,"column":null}},"6":{"start":{"line":13,"column":38},"end":{"line":13,"column":null}},"7":{"start":{"line":14,"column":28},"end":{"line":14,"column":null}},"8":{"start":{"line":16,"column":34},"end":{"line":25,"column":null}},"9":{"start":{"line":27,"column":44},"end":{"line":27,"column":null}},"10":{"start":{"line":29,"column":28},"end":{"line":36,"column":null}},"11":{"start":{"line":30,"column":28},"end":{"line":30,"column":36}},"12":{"start":{"line":31,"column":4},"end":{"line":31,"column":null}},"13":{"start":{"line":31,"column":25},"end":{"line":31,"column":null}},"14":{"start":{"line":33,"column":4},"end":{"line":35,"column":null}},"15":{"start":{"line":34,"column":6},"end":{"line":34,"column":null}},"16":{"start":{"line":38,"column":24},"end":{"line":58,"column":null}},"17":{"start":{"line":39,"column":4},"end":{"line":42,"column":null}},"18":{"start":{"line":40,"column":6},"end":{"line":40,"column":null}},"19":{"start":{"line":41,"column":6},"end":{"line":41,"column":null}},"20":{"start":{"line":44,"column":4},"end":{"line":44,"column":null}},"21":{"start":{"line":45,"column":4},"end":{"line":45,"column":null}},"22":{"start":{"line":46,"column":4},"end":{"line":57,"column":null}},"23":{"start":{"line":47,"column":21},"end":{"line":47,"column":null}},"24":{"start":{"line":48,"column":6},"end":{"line":52,"column":null}},"25":{"start":{"line":49,"column":8},"end":{"line":49,"column":null}},"26":{"start":{"line":51,"column":8},"end":{"line":51,"column":null}},"27":{"start":{"line":54,"column":6},"end":{"line":54,"column":null}},"28":{"start":{"line":56,"column":6},"end":{"line":56,"column":null}},"29":{"start":{"line":60,"column":23},"end":{"line":82,"column":null}},"30":{"start":{"line":61,"column":4},"end":{"line":61,"column":null}},"31":{"start":{"line":62,"column":4},"end":{"line":65,"column":null}},"32":{"start":{"line":63,"column":6},"end":{"line":63,"column":null}},"33":{"start":{"line":64,"column":6},"end":{"line":64,"column":null}},"34":{"start":{"line":68,"column":4},"end":{"line":71,"column":null}},"35":{"start":{"line":69,"column":6},"end":{"line":69,"column":null}},"36":{"start":{"line":70,"column":6},"end":{"line":70,"column":null}},"37":{"start":{"line":73,"column":34},"end":{"line":79,"column":null}},"38":{"start":{"line":81,"column":4},"end":{"line":81,"column":null}},"39":{"start":{"line":126,"column":37},"end":{"line":126,"column":53}},"40":{"start":{"line":138,"column":41},"end":{"line":138,"column":57}}},"fnMap":{"0":{"name":"(anonymous_4)","decl":{"start":{"line":12,"column":57},"end":{"line":12,"column":58}},"loc":{"start":{"line":12,"column":78},"end":{"line":243,"column":null}}},"1":{"name":"(anonymous_5)","decl":{"start":{"line":29,"column":28},"end":{"line":29,"column":29}},"loc":{"start":{"line":29,"column":29},"end":{"line":36,"column":null}}},"2":{"name":"(anonymous_6)","decl":{"start":{"line":31,"column":16},"end":{"line":31,"column":25}},"loc":{"start":{"line":31,"column":25},"end":{"line":31,"column":null}}},"3":{"name":"(anonymous_7)","decl":{"start":{"line":38,"column":24},"end":{"line":38,"column":null}},"loc":{"start":{"line":38,"column":24},"end":{"line":58,"column":null}}},"4":{"name":"(anonymous_8)","decl":{"start":{"line":60,"column":23},"end":{"line":60,"column":24}},"loc":{"start":{"line":60,"column":24},"end":{"line":82,"column":null}}},"5":{"name":"(anonymous_9)","decl":{"start":{"line":126,"column":32},"end":{"line":126,"column":37}},"loc":{"start":{"line":126,"column":37},"end":{"line":126,"column":53}}},"6":{"name":"(anonymous_10)","decl":{"start":{"line":138,"column":36},"end":{"line":138,"column":41}},"loc":{"start":{"line":138,"column":41},"end":{"line":138,"column":57}}}},"branchMap":{"0":{"loc":{"start":{"line":33,"column":4},"end":{"line":35,"column":null}},"type":"if","locations":[{"start":{"line":33,"column":4},"end":{"line":35,"column":null}},{"start":{},"end":{}}]},"1":{"loc":{"start":{"line":33,"column":8},"end":{"line":33,"column":51}},"type":"binary-expr","locations":[{"start":{"line":33,"column":8},"end":{"line":33,"column":30}},{"start":{"line":33,"column":30},"end":{"line":33,"column":51}}]},"2":{"loc":{"start":{"line":39,"column":4},"end":{"line":42,"column":null}},"type":"if","locations":[{"start":{"line":39,"column":4},"end":{"line":42,"column":null}},{"start":{},"end":{}}]},"3":{"loc":{"start":{"line":39,"column":8},"end":{"line":39,"column":47}},"type":"binary-expr","locations":[{"start":{"line":39,"column":8},"end":{"line":39,"column":25}},{"start":{"line":39,"column":29},"end":{"line":39,"column":47}}]},"4":{"loc":{"start":{"line":48,"column":6},"end":{"line":52,"column":null}},"type":"if","locations":[{"start":{"line":48,"column":6},"end":{"line":52,"column":null}},{"start":{"line":50,"column":13},"end":{"line":52,"column":null}}]},"5":{"loc":{"start":{"line":62,"column":4},"end":{"line":65,"column":null}},"type":"if","locations":[{"start":{"line":62,"column":4},"end":{"line":65,"column":null}},{"start":{},"end":{}}]},"6":{"loc":{"start":{"line":68,"column":4},"end":{"line":71,"column":null}},"type":"if","locations":[{"start":{"line":68,"column":4},"end":{"line":71,"column":null}},{"start":{},"end":{}}]},"7":{"loc":{"start":{"line":68,"column":8},"end":{"line":68,"column":87}},"type":"binary-expr","locations":[{"start":{"line":68,"column":8},"end":{"line":68,"column":22}},{"start":{"line":68,"column":26},"end":{"line":68,"column":47}},{"start":{"line":68,"column":51},"end":{"line":68,"column":66}},{"start":{"line":68,"column":70},"end":{"line":68,"column":87}}]},"8":{"loc":{"start":{"line":93,"column":7},"end":{"line":93,"column":null}},"type":"binary-expr","locations":[{"start":{"line":93,"column":7},"end":{"line":93,"column":null}}]},"9":{"loc":{"start":{"line":169,"column":19},"end":{"line":169,"column":null}},"type":"cond-expr","locations":[{"start":{"line":169,"column":32},"end":{"line":169,"column":null}},{"start":{"line":169,"column":79},"end":{"line":169,"column":null}}]},"10":{"loc":{"start":{"line":173,"column":14},"end":{"line":173,"column":null}},"type":"binary-expr","locations":[{"start":{"line":173,"column":14},"end":{"line":173,"column":null}}]}},"s":{"0":5,"1":1,"2":1,"3":1,"4":1,"5":1,"6":79,"7":79,"8":79,"9":79,"10":79,"11":72,"12":72,"13":72,"14":72,"15":0,"16":79,"17":0,"18":0,"19":0,"20":0,"21":0,"22":0,"23":0,"24":0,"25":0,"26":0,"27":0,"28":0,"29":79,"30":2,"31":2,"32":2,"33":2,"34":0,"35":0,"36":0,"37":0,"38":0,"39":711,"40":3397},"f":{"0":79,"1":72,"2":72,"3":0,"4":2,"5":711,"6":3397},"b":{"0":[0,72],"1":[72,72],"2":[0,0],"3":[0,0],"4":[0,0],"5":[2,0],"6":[0,0],"7":[0,0,0,0],"8":[79],"9":[0,79],"10":[79]}}
,"D:\\laragon\\www\\git-limacentro\\components\\Footer.tsx": {"path":"D:\\laragon\\www\\git-limacentro\\components\\Footer.tsx","statementMap":{"0":{"start":{"line":5,"column":13},"end":{"line":5,"column":32}},"1":{"start":{"line":1,"column":18},"end":{"line":1,"column":null}},"2":{"start":{"line":2,"column":17},"end":{"line":2,"column":null}},"3":{"start":{"line":3,"column":22},"end":{"line":3,"column":null}},"4":{"start":{"line":5,"column":32},"end":{"line":35,"column":null}}},"fnMap":{"0":{"name":"(anonymous_2)","decl":{"start":{"line":5,"column":32},"end":{"line":5,"column":null}},"loc":{"start":{"line":5,"column":32},"end":{"line":35,"column":null}}}},"branchMap":{},"s":{"0":0,"1":0,"2":0,"3":0,"4":0},"f":{"0":0},"b":{}}
,"D:\\laragon\\www\\git-limacentro\\components\\GoogleAnalytics.tsx": {"path":"D:\\laragon\\www\\git-limacentro\\components\\GoogleAnalytics.tsx","statementMap":{"0":{"start":{"line":59,"column":0},"end":{"line":59,"column":15}},"1":{"start":{"line":1,"column":19},"end":{"line":1,"column":null}},"2":{"start":{"line":2,"column":26},"end":{"line":2,"column":null}},"3":{"start":{"line":3,"column":26},"end":{"line":3,"column":null}},"4":{"start":{"line":5,"column":23},"end":{"line":5,"column":null}},"5":{"start":{"line":7,"column":24},"end":{"line":57,"column":null}},"6":{"start":{"line":8,"column":17},"end":{"line":8,"column":null}},"7":{"start":{"line":10,"column":2},"end":{"line":29,"column":null}},"8":{"start":{"line":12,"column":4},"end":{"line":12,"column":null}},"9":{"start":{"line":12,"column":25},"end":{"line":12,"column":null}},"10":{"start":{"line":15,"column":30},"end":{"line":21,"column":null}},"11":{"start":{"line":16,"column":6},"end":{"line":20,"column":null}},"12":{"start":{"line":17,"column":8},"end":{"line":19,"column":null}},"13":{"start":{"line":23,"column":4},"end":{"line":23,"column":null}},"14":{"start":{"line":26,"column":4},"end":{"line":28,"column":null}},"15":{"start":{"line":27,"column":6},"end":{"line":27,"column":null}},"16":{"start":{"line":31,"column":2},"end":{"line":33,"column":null}},"17":{"start":{"line":32,"column":4},"end":{"line":32,"column":null}},"18":{"start":{"line":59,"column":15},"end":{"line":59,"column":null}}},"fnMap":{"0":{"name":"(anonymous_2)","decl":{"start":{"line":7,"column":24},"end":{"line":7,"column":null}},"loc":{"start":{"line":7,"column":24},"end":{"line":57,"column":null}}},"1":{"name":"(anonymous_3)","decl":{"start":{"line":10,"column":12},"end":{"line":10,"column":null}},"loc":{"start":{"line":10,"column":12},"end":{"line":29,"column":5}}},"2":{"name":"(anonymous_4)","decl":{"start":{"line":15,"column":30},"end":{"line":15,"column":31}},"loc":{"start":{"line":15,"column":31},"end":{"line":21,"column":null}}},"3":{"name":"(anonymous_5)","decl":{"start":{"line":26,"column":11},"end":{"line":26,"column":null}},"loc":{"start":{"line":26,"column":11},"end":{"line":28,"column":null}}}},"branchMap":{"0":{"loc":{"start":{"line":5,"column":23},"end":{"line":5,"column":null}},"type":"binary-expr","locations":[{"start":{"line":5,"column":23},"end":{"line":5,"column":52}},{"start":{"line":5,"column":56},"end":{"line":5,"column":null}}]},"1":{"loc":{"start":{"line":12,"column":4},"end":{"line":12,"column":null}},"type":"if","locations":[{"start":{"line":12,"column":4},"end":{"line":12,"column":null}},{"start":{},"end":{}}]},"2":{"loc":{"start":{"line":16,"column":6},"end":{"line":20,"column":null}},"type":"if","locations":[{"start":{"line":16,"column":6},"end":{"line":20,"column":null}},{"start":{},"end":{}}]},"3":{"loc":{"start":{"line":31,"column":2},"end":{"line":33,"column":null}},"type":"if","locations":[{"start":{"line":31,"column":2},"end":{"line":33,"column":null}},{"start":{},"end":{}}]}},"s":{"0":0,"1":0,"2":0,"3":0,"4":0,"5":0,"6":0,"7":0,"8":0,"9":0,"10":0,"11":0,"12":0,"13":0,"14":0,"15":0,"16":0,"17":0,"18":0},"f":{"0":0,"1":0,"2":0,"3":0},"b":{"0":[0,0],"1":[0,0],"2":[0,0],"3":[0,0]}}
,"D:\\laragon\\www\\git-limacentro\\components\\GoogleSignInButton.tsx": {"path":"D:\\laragon\\www\\git-limacentro\\components\\GoogleSignInButton.tsx","statementMap":{"0":{"start":{"line":5,"column":24},"end":{"line":5,"column":null}},"1":{"start":{"line":3,"column":23},"end":{"line":3,"column":null}},"2":{"start":{"line":8,"column":27},"end":{"line":8,"column":null}}},"fnMap":{"0":{"name":"GoogleSignInButton","decl":{"start":{"line":5,"column":24},"end":{"line":5,"column":null}},"loc":{"start":{"line":5,"column":24},"end":{"line":32,"column":null}}},"1":{"name":"(anonymous_2)","decl":{"start":{"line":8,"column":21},"end":{"line":8,"column":27}},"loc":{"start":{"line":8,"column":27},"end":{"line":8,"column":null}}}},"branchMap":{},"s":{"0":0,"1":0,"2":0},"f":{"0":0,"1":0},"b":{}}
,"D:\\laragon\\www\\git-limacentro\\components\\MapBoard.tsx": {"path":"D:\\laragon\\www\\git-limacentro\\components\\MapBoard.tsx","statementMap":{"0":{"start":{"line":83,"column":0},"end":{"line":83,"column":15}},"1":{"start":{"line":1,"column":33},"end":{"line":1,"column":null}},"2":{"start":{"line":2,"column":70},"end":{"line":2,"column":null}},"3":{"start":{"line":3,"column":14},"end":{"line":3,"column":null}},"4":{"start":{"line":5,"column":28},"end":{"line":5,"column":null}},"5":{"start":{"line":8,"column":24},"end":{"line":16,"column":null}},"6":{"start":{"line":10,"column":2},"end":{"line":10,"column":null}},"7":{"start":{"line":11,"column":2},"end":{"line":15,"column":null}},"8":{"start":{"line":19,"column":22},"end":{"line":28,"column":null}},"9":{"start":{"line":20,"column":14},"end":{"line":20,"column":null}},"10":{"start":{"line":21,"column":2},"end":{"line":26,"column":null}},"11":{"start":{"line":22,"column":4},"end":{"line":25,"column":null}},"12":{"start":{"line":27,"column":2},"end":{"line":27,"column":null}},"13":{"start":{"line":30,"column":24},"end":{"line":37,"column":null}},"14":{"start":{"line":31,"column":2},"end":{"line":35,"column":null}},"15":{"start":{"line":33,"column":6},"end":{"line":33,"column":null}},"16":{"start":{"line":36,"column":2},"end":{"line":36,"column":null}},"17":{"start":{"line":46,"column":42},"end":{"line":81,"column":null}},"18":{"start":{"line":48,"column":2},"end":{"line":50,"column":null}},"19":{"start":{"line":49,"column":4},"end":{"line":49,"column":null}},"20":{"start":{"line":68,"column":8},"end":{"line":69,"column":null}},"21":{"start":{"line":73,"column":14},"end":{"line":73,"column":null}},"22":{"start":{"line":74,"column":14},"end":{"line":74,"column":null}},"23":{"start":{"line":83,"column":15},"end":{"line":83,"column":null}}},"fnMap":{"0":{"name":"(anonymous_5)","decl":{"start":{"line":8,"column":24},"end":{"line":8,"column":null}},"loc":{"start":{"line":8,"column":24},"end":{"line":16,"column":null}}},"1":{"name":"(anonymous_6)","decl":{"start":{"line":19,"column":22},"end":{"line":19,"column":23}},"loc":{"start":{"line":19,"column":58},"end":{"line":28,"column":null}}},"2":{"name":"(anonymous_7)","decl":{"start":{"line":21,"column":12},"end":{"line":21,"column":null}},"loc":{"start":{"line":21,"column":12},"end":{"line":26,"column":5}}},"3":{"name":"(anonymous_8)","decl":{"start":{"line":30,"column":24},"end":{"line":30,"column":25}},"loc":{"start":{"line":30,"column":67},"end":{"line":37,"column":null}}},"4":{"name":"(anonymous_9)","decl":{"start":{"line":32,"column":11},"end":{"line":32,"column":null}},"loc":{"start":{"line":32,"column":11},"end":{"line":34,"column":null}}},"5":{"name":"(anonymous_10)","decl":{"start":{"line":46,"column":42},"end":{"line":46,"column":43}},"loc":{"start":{"line":46,"column":102},"end":{"line":81,"column":null}}},"6":{"name":"(anonymous_11)","decl":{"start":{"line":48,"column":12},"end":{"line":48,"column":null}},"loc":{"start":{"line":48,"column":12},"end":{"line":50,"column":5}}},"7":{"name":"(anonymous_12)","decl":{"start":{"line":67,"column":22},"end":{"line":67,"column":null}},"loc":{"start":{"line":68,"column":8},"end":{"line":69,"column":null}}},"8":{"name":"(anonymous_13)","decl":{"start":{"line":72,"column":19},"end":{"line":72,"column":20}},"loc":{"start":{"line":72,"column":20},"end":{"line":75,"column":null}}}},"branchMap":{},"s":{"0":0,"1":0,"2":0,"3":0,"4":0,"5":0,"6":0,"7":0,"8":0,"9":0,"10":0,"11":0,"12":0,"13":0,"14":0,"15":0,"16":0,"17":0,"18":0,"19":0,"20":0,"21":0,"22":0,"23":0},"f":{"0":0,"1":0,"2":0,"3":0,"4":0,"5":0,"6":0,"7":0,"8":0},"b":{}}
,"D:\\laragon\\www\\git-limacentro\\components\\OnlineUsersCounter.tsx": {"path":"D:\\laragon\\www\\git-limacentro\\components\\OnlineUsersCounter.tsx","statementMap":{"0":{"start":{"line":6,"column":13},"end":{"line":6,"column":34}},"1":{"start":{"line":3,"column":43},"end":{"line":3,"column":null}},"2":{"start":{"line":6,"column":34},"end":{"line":22,"column":null}},"3":{"start":{"line":7,"column":4},"end":{"line":19,"column":null}},"4":{"start":{"line":8,"column":21},"end":{"line":12,"column":null}},"5":{"start":{"line":9,"column":12},"end":{"line":11,"column":null}},"6":{"start":{"line":10,"column":17},"end":{"line":10,"column":null}},"7":{"start":{"line":14,"column":8},"end":{"line":14,"column":null}},"8":{"start":{"line":16,"column":27},"end":{"line":16,"column":null}},"9":{"start":{"line":18,"column":8},"end":{"line":18,"column":null}},"10":{"start":{"line":18,"column":21},"end":{"line":18,"column":null}},"11":{"start":{"line":21,"column":4},"end":{"line":21,"column":null}}},"fnMap":{"0":{"name":"(anonymous_4)","decl":{"start":{"line":6,"column":34},"end":{"line":6,"column":null}},"loc":{"start":{"line":6,"column":34},"end":{"line":22,"column":null}}},"1":{"name":"(anonymous_5)","decl":{"start":{"line":7,"column":14},"end":{"line":7,"column":null}},"loc":{"start":{"line":7,"column":14},"end":{"line":19,"column":7}}},"2":{"name":"(anonymous_6)","decl":{"start":{"line":8,"column":21},"end":{"line":8,"column":null}},"loc":{"start":{"line":8,"column":21},"end":{"line":12,"column":null}}},"3":{"name":"(anonymous_7)","decl":{"start":{"line":18,"column":15},"end":{"line":18,"column":21}},"loc":{"start":{"line":18,"column":21},"end":{"line":18,"column":null}}}},"branchMap":{"0":{"loc":{"start":{"line":9,"column":12},"end":{"line":11,"column":null}},"type":"if","locations":[{"start":{"line":9,"column":12},"end":{"line":11,"column":null}},{"start":{},"end":{}}]},"1":{"loc":{"start":{"line":9,"column":16},"end":{"line":9,"column":69}},"type":"binary-expr","locations":[{"start":{"line":9,"column":16},"end":{"line":9,"column":49}},{"start":{"line":9,"column":49},"end":{"line":9,"column":69}}]}},"s":{"0":0,"1":0,"2":0,"3":0,"4":0,"5":0,"6":0,"7":0,"8":0,"9":0,"10":0,"11":0},"f":{"0":0,"1":0,"2":0,"3":0},"b":{"0":[0,0],"1":[0,0]}}
,"D:\\laragon\\www\\git-limacentro\\pages\\_app.tsx": {"path":"D:\\laragon\\www\\git-limacentro\\pages\\_app.tsx","statementMap":{"0":{"start":{"line":7,"column":24},"end":{"line":7,"column":28}},"1":{"start":{"line":2,"column":17},"end":{"line":2,"column":null}},"2":{"start":{"line":3,"column":29},"end":{"line":3,"column":null}},"3":{"start":{"line":4,"column":28},"end":{"line":4,"column":null}},"4":{"start":{"line":5,"column":35},"end":{"line":5,"column":null}}},"fnMap":{"0":{"name":"App","decl":{"start":{"line":7,"column":24},"end":{"line":7,"column":28}},"loc":{"start":{"line":7,"column":62},"end":{"line":21,"column":null}}}},"branchMap":{},"s":{"0":0,"1":0,"2":0,"3":0,"4":0},"f":{"0":0},"b":{}}
,"D:\\laragon\\www\\git-limacentro\\pages\\_document.tsx": {"path":"D:\\laragon\\www\\git-limacentro\\pages\\_document.tsx","statementMap":{"0":{"start":{"line":3,"column":24},"end":{"line":3,"column":null}},"1":{"start":{"line":1,"column":45},"end":{"line":1,"column":null}}},"fnMap":{"0":{"name":"Document","decl":{"start":{"line":3,"column":24},"end":{"line":3,"column":null}},"loc":{"start":{"line":3,"column":24},"end":{"line":32,"column":null}}}},"branchMap":{},"s":{"0":0,"1":0},"f":{"0":0},"b":{}}
,"D:\\laragon\\www\\git-limacentro\\pages\\index.tsx": {"path":"D:\\laragon\\www\\git-limacentro\\pages\\index.tsx","statementMap":{"0":{"start":{"line":19,"column":24},"end":{"line":19,"column":null}},"1":{"start":{"line":1,"column":52},"end":{"line":1,"column":null}},"2":{"start":{"line":2,"column":20},"end":{"line":2,"column":null}},"3":{"start":{"line":4,"column":56},"end":{"line":4,"column":null}},"4":{"start":{"line":5,"column":71},"end":{"line":5,"column":null}},"5":{"start":{"line":6,"column":29},"end":{"line":6,"column":null}},"6":{"start":{"line":7,"column":29},"end":{"line":7,"column":null}},"7":{"start":{"line":8,"column":35},"end":{"line":8,"column":null}},"8":{"start":{"line":9,"column":23},"end":{"line":9,"column":null}},"9":{"start":{"line":10,"column":59},"end":{"line":10,"column":null}},"10":{"start":{"line":11,"column":31},"end":{"line":11,"column":null}},"11":{"start":{"line":14,"column":31},"end":{"line":14,"column":null}},"12":{"start":{"line":21,"column":38},"end":{"line":21,"column":null}},"13":{"start":{"line":22,"column":26},"end":{"line":22,"column":null}},"14":{"start":{"line":23,"column":36},"end":{"line":23,"column":null}},"15":{"start":{"line":24,"column":52},"end":{"line":24,"column":null}},"16":{"start":{"line":25,"column":52},"end":{"line":25,"column":null}},"17":{"start":{"line":26,"column":40},"end":{"line":26,"column":null}},"18":{"start":{"line":27,"column":50},"end":{"line":27,"column":null}},"19":{"start":{"line":28,"column":50},"end":{"line":28,"column":null}},"20":{"start":{"line":29,"column":36},"end":{"line":29,"column":null}},"21":{"start":{"line":30,"column":50},"end":{"line":30,"column":null}},"22":{"start":{"line":32,"column":2},"end":{"line":35,"column":null}},"23":{"start":{"line":33,"column":4},"end":{"line":33,"column":null}},"24":{"start":{"line":34,"column":4},"end":{"line":34,"column":null}},"25":{"start":{"line":37,"column":29},"end":{"line":45,"column":null}},"26":{"start":{"line":38,"column":4},"end":{"line":44,"column":null}},"27":{"start":{"line":39,"column":28},"end":{"line":40,"column":null}},"28":{"start":{"line":41,"column":30},"end":{"line":41,"column":null}},"29":{"start":{"line":42,"column":30},"end":{"line":42,"column":null}},"30":{"start":{"line":43,"column":6},"end":{"line":43,"column":null}},"31":{"start":{"line":47,"column":27},"end":{"line":49,"column":null}},"32":{"start":{"line":48,"column":4},"end":{"line":48,"column":null}},"33":{"start":{"line":48,"column":25},"end":{"line":48,"column":null}},"34":{"start":{"line":52,"column":23},"end":{"line":55,"column":null}},"35":{"start":{"line":53,"column":4},"end":{"line":53,"column":null}},"36":{"start":{"line":54,"column":4},"end":{"line":54,"column":null}},"37":{"start":{"line":57,"column":30},"end":{"line":64,"column":null}},"38":{"start":{"line":58,"column":4},"end":{"line":58,"column":null}},"39":{"start":{"line":59,"column":4},"end":{"line":59,"column":null}},"40":{"start":{"line":60,"column":4},"end":{"line":60,"column":null}},"41":{"start":{"line":61,"column":4},"end":{"line":63,"column":null}},"42":{"start":{"line":62,"column":8},"end":{"line":62,"column":null}},"43":{"start":{"line":66,"column":35},"end":{"line":68,"column":null}},"44":{"start":{"line":67,"column":4},"end":{"line":67,"column":null}},"45":{"start":{"line":70,"column":29},"end":{"line":76,"column":null}},"46":{"start":{"line":71,"column":20},"end":{"line":71,"column":null}},"47":{"start":{"line":72,"column":4},"end":{"line":72,"column":null}},"48":{"start":{"line":73,"column":4},"end":{"line":73,"column":null}},"49":{"start":{"line":74,"column":4},"end":{"line":74,"column":null}},"50":{"start":{"line":75,"column":4},"end":{"line":75,"column":null}},"51":{"start":{"line":78,"column":24},"end":{"line":78,"column":null}},"52":{"start":{"line":78,"column":30},"end":{"line":78,"column":null}},"53":{"start":{"line":104,"column":25},"end":{"line":104,"column":null}},"54":{"start":{"line":145,"column":30},"end":{"line":145,"column":null}},"55":{"start":{"line":162,"column":39},"end":{"line":162,"column":null}},"56":{"start":{"line":167,"column":35},"end":{"line":167,"column":null}},"57":{"start":{"line":182,"column":37},"end":{"line":182,"column":null}},"58":{"start":{"line":204,"column":24},"end":{"line":205,"column":null}},"59":{"start":{"line":227,"column":27},"end":{"line":227,"column":null}},"60":{"start":{"line":233,"column":31},"end":{"line":233,"column":null}},"61":{"start":{"line":245,"column":35},"end":{"line":245,"column":null}},"62":{"start":{"line":249,"column":43},"end":{"line":249,"column":59}},"63":{"start":{"line":256,"column":35},"end":{"line":256,"column":null}},"64":{"start":{"line":260,"column":39},"end":{"line":260,"column":55}},"65":{"start":{"line":272,"column":25},"end":{"line":272,"column":null}}},"fnMap":{"0":{"name":"(anonymous_5)","decl":{"start":{"line":14,"column":25},"end":{"line":14,"column":31}},"loc":{"start":{"line":14,"column":31},"end":{"line":14,"column":null}}},"1":{"name":"(anonymous_6)","decl":{"start":{"line":14,"column":31},"end":{"line":14,"column":38}},"loc":{"start":{"line":14,"column":31},"end":{"line":14,"column":null}}},"2":{"name":"HomePage","decl":{"start":{"line":19,"column":24},"end":{"line":19,"column":null}},"loc":{"start":{"line":19,"column":24},"end":{"line":277,"column":null}}},"3":{"name":"(anonymous_10)","decl":{"start":{"line":32,"column":12},"end":{"line":32,"column":null}},"loc":{"start":{"line":32,"column":12},"end":{"line":35,"column":5}}},"4":{"name":"(anonymous_11)","decl":{"start":{"line":37,"column":37},"end":{"line":37,"column":null}},"loc":{"start":{"line":37,"column":37},"end":{"line":45,"column":5}}},"5":{"name":"(anonymous_12)","decl":{"start":{"line":38,"column":29},"end":{"line":38,"column":null}},"loc":{"start":{"line":38,"column":29},"end":{"line":44,"column":null}}},"6":{"name":"(anonymous_13)","decl":{"start":{"line":47,"column":35},"end":{"line":47,"column":null}},"loc":{"start":{"line":48,"column":4},"end":{"line":48,"column":null}}},"7":{"name":"(anonymous_14)","decl":{"start":{"line":48,"column":20},"end":{"line":48,"column":25}},"loc":{"start":{"line":48,"column":25},"end":{"line":48,"column":null}}},"8":{"name":"(anonymous_15)","decl":{"start":{"line":52,"column":23},"end":{"line":52,"column":null}},"loc":{"start":{"line":52,"column":23},"end":{"line":55,"column":null}}},"9":{"name":"(anonymous_16)","decl":{"start":{"line":57,"column":30},"end":{"line":57,"column":31}},"loc":{"start":{"line":57,"column":31},"end":{"line":64,"column":null}}},"10":{"name":"(anonymous_17)","decl":{"start":{"line":66,"column":35},"end":{"line":66,"column":null}},"loc":{"start":{"line":66,"column":35},"end":{"line":68,"column":null}}},"11":{"name":"(anonymous_18)","decl":{"start":{"line":70,"column":29},"end":{"line":70,"column":30}},"loc":{"start":{"line":70,"column":30},"end":{"line":76,"column":null}}},"12":{"name":"(anonymous_19)","decl":{"start":{"line":78,"column":24},"end":{"line":78,"column":30}},"loc":{"start":{"line":78,"column":30},"end":{"line":78,"column":null}}},"13":{"name":"(anonymous_20)","decl":{"start":{"line":104,"column":19},"end":{"line":104,"column":25}},"loc":{"start":{"line":104,"column":25},"end":{"line":104,"column":null}}},"14":{"name":"(anonymous_21)","decl":{"start":{"line":145,"column":24},"end":{"line":145,"column":30}},"loc":{"start":{"line":145,"column":30},"end":{"line":145,"column":null}}},"15":{"name":"(anonymous_22)","decl":{"start":{"line":162,"column":32},"end":{"line":162,"column":33}},"loc":{"start":{"line":162,"column":39},"end":{"line":162,"column":null}}},"16":{"name":"(anonymous_23)","decl":{"start":{"line":167,"column":29},"end":{"line":167,"column":35}},"loc":{"start":{"line":167,"column":35},"end":{"line":167,"column":null}}},"17":{"name":"(anonymous_24)","decl":{"start":{"line":182,"column":31},"end":{"line":182,"column":37}},"loc":{"start":{"line":182,"column":37},"end":{"line":182,"column":null}}},"18":{"name":"(anonymous_25)","decl":{"start":{"line":203,"column":46},"end":{"line":203,"column":null}},"loc":{"start":{"line":204,"column":24},"end":{"line":205,"column":null}}},"19":{"name":"(anonymous_26)","decl":{"start":{"line":227,"column":21},"end":{"line":227,"column":27}},"loc":{"start":{"line":227,"column":27},"end":{"line":227,"column":null}}},"20":{"name":"(anonymous_27)","decl":{"start":{"line":233,"column":25},"end":{"line":233,"column":31}},"loc":{"start":{"line":233,"column":31},"end":{"line":233,"column":null}}},"21":{"name":"(anonymous_28)","decl":{"start":{"line":245,"column":28},"end":{"line":245,"column":29}},"loc":{"start":{"line":245,"column":35},"end":{"line":245,"column":null}}},"22":{"name":"(anonymous_29)","decl":{"start":{"line":249,"column":38},"end":{"line":249,"column":43}},"loc":{"start":{"line":249,"column":43},"end":{"line":249,"column":59}}},"23":{"name":"(anonymous_30)","decl":{"start":{"line":256,"column":28},"end":{"line":256,"column":29}},"loc":{"start":{"line":256,"column":35},"end":{"line":256,"column":null}}},"24":{"name":"(anonymous_31)","decl":{"start":{"line":260,"column":34},"end":{"line":260,"column":39}},"loc":{"start":{"line":260,"column":39},"end":{"line":260,"column":55}}},"25":{"name":"(anonymous_32)","decl":{"start":{"line":272,"column":19},"end":{"line":272,"column":25}},"loc":{"start":{"line":272,"column":25},"end":{"line":272,"column":null}}}},"branchMap":{"0":{"loc":{"start":{"line":39,"column":28},"end":{"line":40,"column":null}},"type":"binary-expr","locations":[{"start":{"line":39,"column":28},"end":{"line":39,"column":null}},{"start":{"line":40,"column":28},"end":{"line":40,"column":null}}]},"1":{"loc":{"start":{"line":41,"column":30},"end":{"line":41,"column":null}},"type":"cond-expr","locations":[{"start":{"line":41,"column":49},"end":{"line":41,"column":83}},{"start":{"line":41,"column":83},"end":{"line":41,"column":null}}]},"2":{"loc":{"start":{"line":42,"column":30},"end":{"line":42,"column":null}},"type":"cond-expr","locations":[{"start":{"line":42,"column":49},"end":{"line":42,"column":83}},{"start":{"line":42,"column":83},"end":{"line":42,"column":null}}]},"3":{"loc":{"start":{"line":43,"column":13},"end":{"line":43,"column":null}},"type":"binary-expr","locations":[{"start":{"line":43,"column":13},"end":{"line":43,"column":30}},{"start":{"line":43,"column":30},"end":{"line":43,"column":49}},{"start":{"line":43,"column":49},"end":{"line":43,"column":null}}]},"4":{"loc":{"start":{"line":61,"column":4},"end":{"line":63,"column":null}},"type":"if","locations":[{"start":{"line":61,"column":4},"end":{"line":63,"column":null}},{"start":{},"end":{}}]},"5":{"loc":{"start":{"line":61,"column":8},"end":{"line":61,"column":66}},"type":"binary-expr","locations":[{"start":{"line":61,"column":8},"end":{"line":61,"column":41}},{"start":{"line":61,"column":41},"end":{"line":61,"column":66}}]},"6":{"loc":{"start":{"line":94,"column":22},"end":{"line":94,"column":null}},"type":"cond-expr","locations":[{"start":{"line":94,"column":42},"end":{"line":94,"column":60}},{"start":{"line":94,"column":60},"end":{"line":94,"column":null}}]},"7":{"loc":{"start":{"line":96,"column":31},"end":{"line":96,"column":66}},"type":"cond-expr","locations":[{"start":{"line":96,"column":31},"end":{"line":96,"column":66}}]},"8":{"loc":{"start":{"line":101,"column":7},"end":{"line":101,"column":null}},"type":"binary-expr","locations":[{"start":{"line":101,"column":7},"end":{"line":101,"column":null}}]},"9":{"loc":{"start":{"line":113,"column":12},"end":{"line":113,"column":87}},"type":"cond-expr","locations":[{"start":{"line":113,"column":32},"end":{"line":113,"column":50}},{"start":{"line":113,"column":50},"end":{"line":113,"column":87}}]},"10":{"loc":{"start":{"line":125,"column":13},"end":{"line":136,"column":null}},"type":"cond-expr","locations":[{"start":{"line":126,"column":14},"end":{"line":136,"column":15}},{"start":{"line":136,"column":14},"end":{"line":136,"column":null}}]},"11":{"loc":{"start":{"line":144,"column":12},"end":{"line":149,"column":13}},"type":"cond-expr","locations":[{"start":{"line":144,"column":12},"end":{"line":149,"column":13}}]},"12":{"loc":{"start":{"line":178,"column":15},"end":{"line":178,"column":null}},"type":"binary-expr","locations":[{"start":{"line":178,"column":15},"end":{"line":178,"column":null}}]},"13":{"loc":{"start":{"line":194,"column":18},"end":{"line":198,"column":19}},"type":"cond-expr","locations":[{"start":{"line":194,"column":18},"end":{"line":198,"column":19}}]},"14":{"loc":{"start":{"line":223,"column":7},"end":{"line":223,"column":null}},"type":"binary-expr","locations":[{"start":{"line":223,"column":7},"end":{"line":223,"column":null}}]},"15":{"loc":{"start":{"line":269,"column":7},"end":{"line":269,"column":null}},"type":"binary-expr","locations":[{"start":{"line":269,"column":7},"end":{"line":269,"column":null}}]}},"s":{"0":0,"1":0,"2":0,"3":0,"4":0,"5":0,"6":0,"7":0,"8":0,"9":0,"10":0,"11":0,"12":0,"13":0,"14":0,"15":0,"16":0,"17":0,"18":0,"19":0,"20":0,"21":0,"22":0,"23":0,"24":0,"25":0,"26":0,"27":0,"28":0,"29":0,"30":0,"31":0,"32":0,"33":0,"34":0,"35":0,"36":0,"37":0,"38":0,"39":0,"40":0,"41":0,"42":0,"43":0,"44":0,"45":0,"46":0,"47":0,"48":0,"49":0,"50":0,"51":0,"52":0,"53":0,"54":0,"55":0,"56":0,"57":0,"58":0,"59":0,"60":0,"61":0,"62":0,"63":0,"64":0,"65":0},"f":{"0":0,"1":0,"2":0,"3":0,"4":0,"5":0,"6":0,"7":0,"8":0,"9":0,"10":0,"11":0,"12":0,"13":0,"14":0,"15":0,"16":0,"17":0,"18":0,"19":0,"20":0,"21":0,"22":0,"23":0,"24":0,"25":0},"b":{"0":[0,0],"1":[0,0],"2":[0,0],"3":[0,0,0],"4":[0,0],"5":[0,0],"6":[0,0],"7":[0],"8":[0],"9":[0,0],"10":[0,0],"11":[0],"12":[0],"13":[0],"14":[0],"15":[0]}}
,"D:\\laragon\\www\\git-limacentro\\pages\\politicas-de-privacidad.tsx": {"path":"D:\\laragon\\www\\git-limacentro\\pages\\politicas-de-privacidad.tsx","statementMap":{"0":{"start":{"line":101,"column":0},"end":{"line":101,"column":15}},"1":{"start":{"line":1,"column":18},"end":{"line":1,"column":null}},"2":{"start":{"line":2,"column":17},"end":{"line":2,"column":null}},"3":{"start":{"line":3,"column":26},"end":{"line":3,"column":null}},"4":{"start":{"line":5,"column":38},"end":{"line":99,"column":null}},"5":{"start":{"line":101,"column":15},"end":{"line":101,"column":null}}},"fnMap":{"0":{"name":"(anonymous_2)","decl":{"start":{"line":5,"column":38},"end":{"line":5,"column":null}},"loc":{"start":{"line":5,"column":38},"end":{"line":99,"column":null}}}},"branchMap":{},"s":{"0":0,"1":0,"2":0,"3":0,"4":0,"5":0},"f":{"0":0},"b":{}}
,"D:\\laragon\\www\\git-limacentro\\pages\\quienes-somos.tsx": {"path":"D:\\laragon\\www\\git-limacentro\\pages\\quienes-somos.tsx","statementMap":{"0":{"start":{"line":63,"column":0},"end":{"line":63,"column":15}},"1":{"start":{"line":1,"column":18},"end":{"line":1,"column":null}},"2":{"start":{"line":2,"column":17},"end":{"line":2,"column":null}},"3":{"start":{"line":3,"column":26},"end":{"line":3,"column":null}},"4":{"start":{"line":5,"column":31},"end":{"line":61,"column":null}},"5":{"start":{"line":63,"column":15},"end":{"line":63,"column":null}}},"fnMap":{"0":{"name":"(anonymous_2)","decl":{"start":{"line":5,"column":31},"end":{"line":5,"column":null}},"loc":{"start":{"line":5,"column":31},"end":{"line":61,"column":null}}}},"branchMap":{},"s":{"0":0,"1":0,"2":0,"3":0,"4":0,"5":0},"f":{"0":0},"b":{}}
,"D:\\laragon\\www\\git-limacentro\\pages\\api\\auth\\login.ts": {"path":"D:\\laragon\\www\\git-limacentro\\pages\\api\\auth\\login.ts","statementMap":{"0":{"start":{"line":4,"column":30},"end":{"line":4,"column":null}},"1":{"start":{"line":2,"column":26},"end":{"line":2,"column":null}},"2":{"start":{"line":8,"column":2},"end":{"line":10,"column":null}},"3":{"start":{"line":9,"column":4},"end":{"line":9,"column":null}},"4":{"start":{"line":12,"column":2},"end":{"line":30,"column":null}},"5":{"start":{"line":13,"column":32},"end":{"line":13,"column":40}},"6":{"start":{"line":16,"column":4},"end":{"line":18,"column":null}},"7":{"start":{"line":17,"column":6},"end":{"line":17,"column":null}},"8":{"start":{"line":21,"column":28},"end":{"line":21,"column":null}},"9":{"start":{"line":24,"column":4},"end":{"line":24,"column":null}},"10":{"start":{"line":26,"column":4},"end":{"line":26,"column":null}},"11":{"start":{"line":28,"column":4},"end":{"line":28,"column":null}},"12":{"start":{"line":29,"column":4},"end":{"line":29,"column":null}}},"fnMap":{"0":{"name":"handler","decl":{"start":{"line":4,"column":30},"end":{"line":4,"column":null}},"loc":{"start":{"line":6,"column":22},"end":{"line":31,"column":null}}}},"branchMap":{"0":{"loc":{"start":{"line":8,"column":2},"end":{"line":10,"column":null}},"type":"if","locations":[{"start":{"line":8,"column":2},"end":{"line":10,"column":null}},{"start":{},"end":{}}]},"1":{"loc":{"start":{"line":16,"column":4},"end":{"line":18,"column":null}},"type":"if","locations":[{"start":{"line":16,"column":4},"end":{"line":18,"column":null}},{"start":{},"end":{}}]},"2":{"loc":{"start":{"line":16,"column":8},"end":{"line":16,"column":29}},"type":"binary-expr","locations":[{"start":{"line":16,"column":8},"end":{"line":16,"column":18}},{"start":{"line":16,"column":18},"end":{"line":16,"column":29}}]}},"s":{"0":0,"1":0,"2":0,"3":0,"4":0,"5":0,"6":0,"7":0,"8":0,"9":0,"10":0,"11":0,"12":0},"f":{"0":0},"b":{"0":[0,0],"1":[0,0],"2":[0,0]}}
,"D:\\laragon\\www\\git-limacentro\\pages\\api\\auth\\logout.ts": {"path":"D:\\laragon\\www\\git-limacentro\\pages\\api\\auth\\logout.ts","statementMap":{"0":{"start":{"line":3,"column":30},"end":{"line":3,"column":null}},"1":{"start":{"line":7,"column":2},"end":{"line":9,"column":null}},"2":{"start":{"line":8,"column":4},"end":{"line":8,"column":null}},"3":{"start":{"line":11,"column":2},"end":{"line":19,"column":null}},"4":{"start":{"line":13,"column":4},"end":{"line":13,"column":null}},"5":{"start":{"line":15,"column":4},"end":{"line":15,"column":null}},"6":{"start":{"line":17,"column":4},"end":{"line":17,"column":null}},"7":{"start":{"line":18,"column":4},"end":{"line":18,"column":null}}},"fnMap":{"0":{"name":"handler","decl":{"start":{"line":3,"column":30},"end":{"line":3,"column":null}},"loc":{"start":{"line":5,"column":22},"end":{"line":20,"column":null}}}},"branchMap":{"0":{"loc":{"start":{"line":7,"column":2},"end":{"line":9,"column":null}},"type":"if","locations":[{"start":{"line":7,"column":2},"end":{"line":9,"column":null}},{"start":{},"end":{}}]}},"s":{"0":0,"1":0,"2":0,"3":0,"4":0,"5":0,"6":0,"7":0},"f":{"0":0},"b":{"0":[0,0]}}
,"D:\\laragon\\www\\git-limacentro\\pages\\api\\auth\\register.ts": {"path":"D:\\laragon\\www\\git-limacentro\\pages\\api\\auth\\register.ts","statementMap":{"0":{"start":{"line":4,"column":30},"end":{"line":4,"column":null}},"1":{"start":{"line":2,"column":29},"end":{"line":2,"column":null}},"2":{"start":{"line":8,"column":2},"end":{"line":10,"column":null}},"3":{"start":{"line":9,"column":4},"end":{"line":9,"column":null}},"4":{"start":{"line":12,"column":2},"end":{"line":34,"column":null}},"5":{"start":{"line":13,"column":38},"end":{"line":13,"column":46}},"6":{"start":{"line":16,"column":4},"end":{"line":18,"column":null}},"7":{"start":{"line":17,"column":6},"end":{"line":17,"column":null}},"8":{"start":{"line":20,"column":4},"end":{"line":22,"column":null}},"9":{"start":{"line":21,"column":6},"end":{"line":21,"column":null}},"10":{"start":{"line":25,"column":28},"end":{"line":25,"column":null}},"11":{"start":{"line":28,"column":4},"end":{"line":28,"column":null}},"12":{"start":{"line":30,"column":4},"end":{"line":30,"column":null}},"13":{"start":{"line":32,"column":4},"end":{"line":32,"column":null}},"14":{"start":{"line":33,"column":4},"end":{"line":33,"column":null}}},"fnMap":{"0":{"name":"handler","decl":{"start":{"line":4,"column":30},"end":{"line":4,"column":null}},"loc":{"start":{"line":6,"column":22},"end":{"line":35,"column":null}}}},"branchMap":{"0":{"loc":{"start":{"line":8,"column":2},"end":{"line":10,"column":null}},"type":"if","locations":[{"start":{"line":8,"column":2},"end":{"line":10,"column":null}},{"start":{},"end":{}}]},"1":{"loc":{"start":{"line":16,"column":4},"end":{"line":18,"column":null}},"type":"if","locations":[{"start":{"line":16,"column":4},"end":{"line":18,"column":null}},{"start":{},"end":{}}]},"2":{"loc":{"start":{"line":16,"column":8},"end":{"line":16,"column":38}},"type":"binary-expr","locations":[{"start":{"line":16,"column":8},"end":{"line":16,"column":18}},{"start":{"line":16,"column":18},"end":{"line":16,"column":31}},{"start":{"line":16,"column":31},"end":{"line":16,"column":38}}]},"3":{"loc":{"start":{"line":20,"column":4},"end":{"line":22,"column":null}},"type":"if","locations":[{"start":{"line":20,"column":4},"end":{"line":22,"column":null}},{"start":{},"end":{}}]}},"s":{"0":0,"1":0,"2":0,"3":0,"4":0,"5":0,"6":0,"7":0,"8":0,"9":0,"10":0,"11":0,"12":0,"13":0,"14":0},"f":{"0":0},"b":{"0":[0,0],"1":[0,0],"2":[0,0,0],"3":[0,0]}}
,"D:\\laragon\\www\\git-limacentro\\pages\\api\\businesses\\index.ts": {"path":"D:\\laragon\\www\\git-limacentro\\pages\\api\\businesses\\index.ts","statementMap":{"0":{"start":{"line":5,"column":30},"end":{"line":5,"column":null}},"1":{"start":{"line":2,"column":49},"end":{"line":2,"column":null}},"2":{"start":{"line":3,"column":28},"end":{"line":3,"column":null}},"3":{"start":{"line":9,"column":2},"end":{"line":17,"column":null}},"4":{"start":{"line":10,"column":4},"end":{"line":16,"column":null}},"5":{"start":{"line":11,"column":25},"end":{"line":11,"column":null}},"6":{"start":{"line":12,"column":6},"end":{"line":12,"column":null}},"7":{"start":{"line":14,"column":6},"end":{"line":14,"column":null}},"8":{"start":{"line":15,"column":6},"end":{"line":15,"column":null}},"9":{"start":{"line":19,"column":2},"end":{"line":50,"column":null}},"10":{"start":{"line":20,"column":4},"end":{"line":49,"column":null}},"11":{"start":{"line":22,"column":20},"end":{"line":22,"column":86}},"12":{"start":{"line":24,"column":6},"end":{"line":26,"column":null}},"13":{"start":{"line":25,"column":8},"end":{"line":25,"column":null}},"14":{"start":{"line":29,"column":19},"end":{"line":29,"column":null}},"15":{"start":{"line":30,"column":6},"end":{"line":32,"column":null}},"16":{"start":{"line":31,"column":8},"end":{"line":31,"column":null}},"17":{"start":{"line":34,"column":27},"end":{"line":34,"column":35}},"18":{"start":{"line":37,"column":6},"end":{"line":40,"column":null}},"19":{"start":{"line":39,"column":8},"end":{"line":39,"column":null}},"20":{"start":{"line":43,"column":23},"end":{"line":43,"column":null}},"21":{"start":{"line":45,"column":6},"end":{"line":45,"column":null}},"22":{"start":{"line":47,"column":6},"end":{"line":47,"column":null}},"23":{"start":{"line":48,"column":6},"end":{"line":48,"column":null}},"24":{"start":{"line":52,"column":2},"end":{"line":52,"column":null}}},"fnMap":{"0":{"name":"handler","decl":{"start":{"line":5,"column":30},"end":{"line":5,"column":null}},"loc":{"start":{"line":7,"column":22},"end":{"line":53,"column":null}}}},"branchMap":{"0":{"loc":{"start":{"line":9,"column":2},"end":{"line":17,"column":null}},"type":"if","locations":[{"start":{"line":9,"column":2},"end":{"line":17,"column":null}},{"start":{},"end":{}}]},"1":{"loc":{"start":{"line":19,"column":2},"end":{"line":50,"column":null}},"type":"if","locations":[{"start":{"line":19,"column":2},"end":{"line":50,"column":null}},{"start":{},"end":{}}]},"2":{"loc":{"start":{"line":22,"column":20},"end":{"line":22,"column":86}},"type":"binary-expr","locations":[{"start":{"line":22,"column":20},"end":{"line":22,"column":42}},{"start":{"line":22,"column":46},"end":{"line":22,"column":86}}]},"3":{"loc":{"start":{"line":24,"column":6},"end":{"line":26,"column":null}},"type":"if","locations":[{"start":{"line":24,"column":6},"end":{"line":26,"column":null}},{"start":{},"end":{}}]},"4":{"loc":{"start":{"line":30,"column":6},"end":{"line":32,"column":null}},"type":"if","locations":[{"start":{"line":30,"column":6},"end":{"line":32,"column":null}},{"start":{},"end":{}}]},"5":{"loc":{"start":{"line":37,"column":6},"end":{"line":40,"column":null}},"type":"if","locations":[{"start":{"line":37,"column":6},"end":{"line":40,"column":null}},{"start":{},"end":{}}]},"6":{"loc":{"start":{"line":37,"column":10},"end":{"line":38,"column":73}},"type":"binary-expr","locations":[{"start":{"line":37,"column":10},"end":{"line":37,"column":28}},{"start":{"line":37,"column":32},"end":{"line":37,"column":54}},{"start":{"line":37,"column":58},"end":{"line":37,"column":80}},{"start":{"line":38,"column":10},"end":{"line":38,"column":31}},{"start":{"line":38,"column":35},"end":{"line":38,"column":52}},{"start":{"line":38,"column":56},"end":{"line":38,"column":73}}]}},"s":{"0":0,"1":0,"2":0,"3":0,"4":0,"5":0,"6":0,"7":0,"8":0,"9":0,"10":0,"11":0,"12":0,"13":0,"14":0,"15":0,"16":0,"17":0,"18":0,"19":0,"20":0,"21":0,"22":0,"23":0,"24":0},"f":{"0":0},"b":{"0":[0,0],"1":[0,0],"2":[0,0],"3":[0,0],"4":[0,0],"5":[0,0],"6":[0,0,0,0,0,0]}}
,"D:\\laragon\\www\\git-limacentro\\pages\\api\\businesses\\me.ts": {"path":"D:\\laragon\\www\\git-limacentro\\pages\\api\\businesses\\me.ts","statementMap":{"0":{"start":{"line":5,"column":30},"end":{"line":5,"column":null}},"1":{"start":{"line":2,"column":38},"end":{"line":2,"column":null}},"2":{"start":{"line":3,"column":28},"end":{"line":3,"column":null}},"3":{"start":{"line":9,"column":2},"end":{"line":11,"column":null}},"4":{"start":{"line":10,"column":4},"end":{"line":10,"column":null}},"5":{"start":{"line":13,"column":2},"end":{"line":34,"column":null}},"6":{"start":{"line":15,"column":18},"end":{"line":15,"column":84}},"7":{"start":{"line":17,"column":4},"end":{"line":19,"column":null}},"8":{"start":{"line":18,"column":6},"end":{"line":18,"column":null}},"9":{"start":{"line":22,"column":17},"end":{"line":22,"column":null}},"10":{"start":{"line":23,"column":4},"end":{"line":25,"column":null}},"11":{"start":{"line":24,"column":6},"end":{"line":24,"column":null}},"12":{"start":{"line":28,"column":23},"end":{"line":28,"column":null}},"13":{"start":{"line":30,"column":4},"end":{"line":30,"column":null}},"14":{"start":{"line":32,"column":4},"end":{"line":32,"column":null}},"15":{"start":{"line":33,"column":4},"end":{"line":33,"column":null}}},"fnMap":{"0":{"name":"handler","decl":{"start":{"line":5,"column":30},"end":{"line":5,"column":null}},"loc":{"start":{"line":7,"column":22},"end":{"line":35,"column":null}}}},"branchMap":{"0":{"loc":{"start":{"line":9,"column":2},"end":{"line":11,"column":null}},"type":"if","locations":[{"start":{"line":9,"column":2},"end":{"line":11,"column":null}},{"start":{},"end":{}}]},"1":{"loc":{"start":{"line":15,"column":18},"end":{"line":15,"column":84}},"type":"binary-expr","locations":[{"start":{"line":15,"column":18},"end":{"line":15,"column":40}},{"start":{"line":15,"column":44},"end":{"line":15,"column":84}}]},"2":{"loc":{"start":{"line":17,"column":4},"end":{"line":19,"column":null}},"type":"if","locations":[{"start":{"line":17,"column":4},"end":{"line":19,"column":null}},{"start":{},"end":{}}]},"3":{"loc":{"start":{"line":23,"column":4},"end":{"line":25,"column":null}},"type":"if","locations":[{"start":{"line":23,"column":4},"end":{"line":25,"column":null}},{"start":{},"end":{}}]}},"s":{"0":0,"1":0,"2":0,"3":0,"4":0,"5":0,"6":0,"7":0,"8":0,"9":0,"10":0,"11":0,"12":0,"13":0,"14":0,"15":0},"f":{"0":0},"b":{"0":[0,0],"1":[0,0],"2":[0,0],"3":[0,0]}}
,"D:\\laragon\\www\\git-limacentro\\services\\api.ts": {"path":"D:\\laragon\\www\\git-limacentro\\services\\api.ts","statementMap":{"0":{"start":{"line":17,"column":22},"end":{"line":17,"column":null}},"1":{"start":{"line":48,"column":22},"end":{"line":48,"column":null}},"2":{"start":{"line":165,"column":16},"end":{"line":165,"column":null}},"3":{"start":{"line":107,"column":22},"end":{"line":107,"column":37}},"4":{"start":{"line":140,"column":22},"end":{"line":140,"column":37}},"5":{"start":{"line":149,"column":16},"end":{"line":149,"column":null}},"6":{"start":{"line":98,"column":22},"end":{"line":98,"column":null}},"7":{"start":{"line":117,"column":22},"end":{"line":117,"column":40}},"8":{"start":{"line":79,"column":22},"end":{"line":79,"column":28}},"9":{"start":{"line":89,"column":22},"end":{"line":89,"column":null}},"10":{"start":{"line":65,"column":22},"end":{"line":65,"column":null}},"11":{"start":{"line":157,"column":16},"end":{"line":157,"column":29}},"12":{"start":{"line":126,"column":22},"end":{"line":126,"column":null}},"13":{"start":{"line":10,"column":16},"end":{"line":12,"column":null}},"14":{"start":{"line":21,"column":14},"end":{"line":21,"column":37}},"15":{"start":{"line":23,"column":2},"end":{"line":42,"column":null}},"16":{"start":{"line":24,"column":21},"end":{"line":30,"column":null}},"17":{"start":{"line":32,"column":17},"end":{"line":32,"column":null}},"18":{"start":{"line":34,"column":4},"end":{"line":36,"column":null}},"19":{"start":{"line":35,"column":6},"end":{"line":35,"column":null}},"20":{"start":{"line":38,"column":4},"end":{"line":38,"column":null}},"21":{"start":{"line":40,"column":4},"end":{"line":40,"column":null}},"22":{"start":{"line":41,"column":4},"end":{"line":41,"column":null}},"23":{"start":{"line":53,"column":2},"end":{"line":59,"column":null}},"24":{"start":{"line":70,"column":2},"end":{"line":73,"column":null}},"25":{"start":{"line":80,"column":2},"end":{"line":83,"column":null}},"26":{"start":{"line":90,"column":2},"end":{"line":92,"column":null}},"27":{"start":{"line":99,"column":2},"end":{"line":101,"column":null}},"28":{"start":{"line":108,"column":2},"end":{"line":111,"column":null}},"29":{"start":{"line":118,"column":2},"end":{"line":120,"column":null}},"30":{"start":{"line":131,"column":2},"end":{"line":134,"column":null}},"31":{"start":{"line":141,"column":2},"end":{"line":143,"column":null}},"32":{"start":{"line":150,"column":2},"end":{"line":150,"column":null}},"33":{"start":{"line":150,"column":37},"end":{"line":150,"column":null}},"34":{"start":{"line":151,"column":2},"end":{"line":151,"column":null}},"35":{"start":{"line":158,"column":2},"end":{"line":158,"column":null}},"36":{"start":{"line":158,"column":37},"end":{"line":158,"column":null}},"37":{"start":{"line":159,"column":2},"end":{"line":159,"column":null}},"38":{"start":{"line":166,"column":2},"end":{"line":166,"column":null}},"39":{"start":{"line":166,"column":37},"end":{"line":166,"column":null}},"40":{"start":{"line":167,"column":2},"end":{"line":167,"column":null}}},"fnMap":{"0":{"name":"apiCall","decl":{"start":{"line":17,"column":22},"end":{"line":17,"column":null}},"loc":{"start":{"line":19,"column":26},"end":{"line":43,"column":null}}},"1":{"name":"apiCallWithAuth","decl":{"start":{"line":48,"column":22},"end":{"line":48,"column":null}},"loc":{"start":{"line":51,"column":26},"end":{"line":60,"column":null}}},"2":{"name":"register","decl":{"start":{"line":65,"column":22},"end":{"line":65,"column":null}},"loc":{"start":{"line":68,"column":14},"end":{"line":74,"column":null}}},"3":{"name":"login","decl":{"start":{"line":79,"column":22},"end":{"line":79,"column":28}},"loc":{"start":{"line":79,"column":59},"end":{"line":84,"column":null}}},"4":{"name":"logout","decl":{"start":{"line":89,"column":22},"end":{"line":89,"column":null}},"loc":{"start":{"line":89,"column":22},"end":{"line":93,"column":null}}},"5":{"name":"getBusinesses","decl":{"start":{"line":98,"column":22},"end":{"line":98,"column":null}},"loc":{"start":{"line":98,"column":22},"end":{"line":102,"column":null}}},"6":{"name":"createBusiness","decl":{"start":{"line":107,"column":22},"end":{"line":107,"column":37}},"loc":{"start":{"line":107,"column":69},"end":{"line":112,"column":null}}},"7":{"name":"getUserBusinesses","decl":{"start":{"line":117,"column":22},"end":{"line":117,"column":40}},"loc":{"start":{"line":117,"column":53},"end":{"line":121,"column":null}}},"8":{"name":"updateBusiness","decl":{"start":{"line":126,"column":22},"end":{"line":126,"column":null}},"loc":{"start":{"line":129,"column":14},"end":{"line":135,"column":null}}},"9":{"name":"deleteBusiness","decl":{"start":{"line":140,"column":22},"end":{"line":140,"column":37}},"loc":{"start":{"line":140,"column":70},"end":{"line":144,"column":null}}},"10":{"name":"getAuthToken","decl":{"start":{"line":149,"column":16},"end":{"line":149,"column":null}},"loc":{"start":{"line":149,"column":16},"end":{"line":152,"column":null}}},"11":{"name":"setAuthToken","decl":{"start":{"line":157,"column":16},"end":{"line":157,"column":29}},"loc":{"start":{"line":157,"column":42},"end":{"line":160,"column":null}}},"12":{"name":"clearAuthToken","decl":{"start":{"line":165,"column":16},"end":{"line":165,"column":null}},"loc":{"start":{"line":165,"column":16},"end":{"line":168,"column":null}}}},"branchMap":{"0":{"loc":{"start":{"line":10,"column":16},"end":{"line":12,"column":null}},"type":"cond-expr","locations":[{"start":{"line":11,"column":4},"end":{"line":11,"column":null}},{"start":{"line":12,"column":4},"end":{"line":12,"column":null}}]},"1":{"loc":{"start":{"line":11,"column":4},"end":{"line":11,"column":null}},"type":"binary-expr","locations":[{"start":{"line":11,"column":4},"end":{"line":11,"column":35}},{"start":{"line":11,"column":39},"end":{"line":11,"column":null}}]},"2":{"loc":{"start":{"line":12,"column":4},"end":{"line":12,"column":null}},"type":"binary-expr","locations":[{"start":{"line":12,"column":4},"end":{"line":12,"column":23}},{"start":{"line":12,"column":27},"end":{"line":12,"column":null}}]},"3":{"loc":{"start":{"line":19,"column":2},"end":{"line":19,"column":26}},"type":"default-arg","locations":[{"start":{"line":19,"column":24},"end":{"line":19,"column":26}}]},"4":{"loc":{"start":{"line":34,"column":4},"end":{"line":36,"column":null}},"type":"if","locations":[{"start":{"line":34,"column":4},"end":{"line":36,"column":null}},{"start":{},"end":{}}]},"5":{"loc":{"start":{"line":35,"column":22},"end":{"line":35,"column":67}},"type":"binary-expr","locations":[{"start":{"line":35,"column":22},"end":{"line":35,"column":32}},{"start":{"line":35,"column":36},"end":{"line":35,"column":67}}]},"6":{"loc":{"start":{"line":51,"column":2},"end":{"line":51,"column":26}},"type":"default-arg","locations":[{"start":{"line":51,"column":24},"end":{"line":51,"column":26}}]},"7":{"loc":{"start":{"line":150,"column":2},"end":{"line":150,"column":null}},"type":"if","locations":[{"start":{"line":150,"column":2},"end":{"line":150,"column":null}},{"start":{},"end":{}}]},"8":{"loc":{"start":{"line":158,"column":2},"end":{"line":158,"column":null}},"type":"if","locations":[{"start":{"line":158,"column":2},"end":{"line":158,"column":null}},{"start":{},"end":{}}]},"9":{"loc":{"start":{"line":166,"column":2},"end":{"line":166,"column":null}},"type":"if","locations":[{"start":{"line":166,"column":2},"end":{"line":166,"column":null}},{"start":{},"end":{}}]}},"s":{"0":0,"1":0,"2":0,"3":0,"4":0,"5":0,"6":0,"7":0,"8":0,"9":0,"10":0,"11":0,"12":0,"13":0,"14":0,"15":0,"16":0,"17":0,"18":0,"19":0,"20":0,"21":0,"22":0,"23":0,"24":0,"25":0,"26":0,"27":0,"28":0,"29":0,"30":0,"31":0,"32":0,"33":0,"34":0,"35":0,"36":0,"37":0,"38":0,"39":0,"40":0},"f":{"0":0,"1":0,"2":0,"3":0,"4":0,"5":0,"6":0,"7":0,"8":0,"9":0,"10":0,"11":0,"12":0},"b":{"0":[0,0],"1":[0,0],"2":[0,0],"3":[0],"4":[0,0],"5":[0,0],"6":[0],"7":[0,0],"8":[0,0],"9":[0,0]}}
,"D:\\laragon\\www\\git-limacentro\\services\\auth.ts": {"path":"D:\\laragon\\www\\git-limacentro\\services\\auth.ts","statementMap":{"0":{"start":{"line":31,"column":22},"end":{"line":31,"column":38}},"1":{"start":{"line":38,"column":16},"end":{"line":38,"column":30}},"2":{"start":{"line":175,"column":22},"end":{"line":175,"column":37}},"3":{"start":{"line":152,"column":22},"end":{"line":152,"column":34}},"4":{"start":{"line":23,"column":22},"end":{"line":23,"column":35}},"5":{"start":{"line":114,"column":22},"end":{"line":114,"column":32}},"6":{"start":{"line":66,"column":22},"end":{"line":66,"column":null}},"7":{"start":{"line":198,"column":22},"end":{"line":198,"column":null}},"8":{"start":{"line":49,"column":16},"end":{"line":49,"column":28}},"9":{"start":{"line":1,"column":19},"end":{"line":1,"column":null}},"10":{"start":{"line":2,"column":16},"end":{"line":2,"column":null}},"11":{"start":{"line":3,"column":19},"end":{"line":3,"column":null}},"12":{"start":{"line":5,"column":19},"end":{"line":5,"column":null}},"13":{"start":{"line":6,"column":19},"end":{"line":6,"column":null}},"14":{"start":{"line":24,"column":15},"end":{"line":24,"column":null}},"15":{"start":{"line":25,"column":2},"end":{"line":25,"column":null}},"16":{"start":{"line":32,"column":2},"end":{"line":32,"column":null}},"17":{"start":{"line":39,"column":2},"end":{"line":42,"column":null}},"18":{"start":{"line":50,"column":2},"end":{"line":60,"column":null}},"19":{"start":{"line":51,"column":20},"end":{"line":51,"column":null}},"20":{"start":{"line":52,"column":4},"end":{"line":56,"column":null}},"21":{"start":{"line":58,"column":4},"end":{"line":58,"column":null}},"22":{"start":{"line":59,"column":4},"end":{"line":59,"column":null}},"23":{"start":{"line":71,"column":2},"end":{"line":108,"column":null}},"24":{"start":{"line":73,"column":25},"end":{"line":75,"column":null}},"25":{"start":{"line":77,"column":4},"end":{"line":79,"column":null}},"26":{"start":{"line":78,"column":6},"end":{"line":78,"column":null}},"27":{"start":{"line":82,"column":25},"end":{"line":82,"column":null}},"28":{"start":{"line":85,"column":20},"end":{"line":92,"column":null}},"29":{"start":{"line":94,"column":27},"end":{"line":99,"column":null}},"30":{"start":{"line":102,"column":18},"end":{"line":102,"column":null}},"31":{"start":{"line":104,"column":4},"end":{"line":104,"column":null}},"32":{"start":{"line":106,"column":4},"end":{"line":106,"column":null}},"33":{"start":{"line":107,"column":4},"end":{"line":107,"column":null}},"34":{"start":{"line":115,"column":2},"end":{"line":146,"column":null}},"35":{"start":{"line":117,"column":23},"end":{"line":119,"column":null}},"36":{"start":{"line":121,"column":4},"end":{"line":123,"column":null}},"37":{"start":{"line":122,"column":6},"end":{"line":122,"column":null}},"38":{"start":{"line":126,"column":28},"end":{"line":126,"column":null}},"39":{"start":{"line":128,"column":4},"end":{"line":130,"column":null}},"40":{"start":{"line":129,"column":6},"end":{"line":129,"column":null}},"41":{"start":{"line":132,"column":27},"end":{"line":137,"column":null}},"42":{"start":{"line":140,"column":18},"end":{"line":140,"column":null}},"43":{"start":{"line":142,"column":4},"end":{"line":142,"column":null}},"44":{"start":{"line":144,"column":4},"end":{"line":144,"column":null}},"45":{"start":{"line":145,"column":4},"end":{"line":145,"column":null}},"46":{"start":{"line":153,"column":2},"end":{"line":169,"column":null}},"47":{"start":{"line":154,"column":23},"end":{"line":156,"column":null}},"48":{"start":{"line":158,"column":4},"end":{"line":158,"column":null}},"49":{"start":{"line":158,"column":21},"end":{"line":158,"column":null}},"50":{"start":{"line":160,"column":4},"end":{"line":165,"column":null}},"51":{"start":{"line":167,"column":4},"end":{"line":167,"column":null}},"52":{"start":{"line":168,"column":4},"end":{"line":168,"column":null}},"53":{"start":{"line":176,"column":2},"end":{"line":192,"column":null}},"54":{"start":{"line":177,"column":23},"end":{"line":179,"column":null}},"55":{"start":{"line":181,"column":4},"end":{"line":181,"column":null}},"56":{"start":{"line":181,"column":21},"end":{"line":181,"column":null}},"57":{"start":{"line":183,"column":4},"end":{"line":188,"column":null}},"58":{"start":{"line":190,"column":4},"end":{"line":190,"column":null}},"59":{"start":{"line":191,"column":4},"end":{"line":191,"column":null}},"60":{"start":{"line":202,"column":2},"end":{"line":220,"column":null}},"61":{"start":{"line":203,"column":24},"end":{"line":209,"column":null}},"62":{"start":{"line":211,"column":4},"end":{"line":216,"column":null}},"63":{"start":{"line":218,"column":4},"end":{"line":218,"column":null}},"64":{"start":{"line":219,"column":4},"end":{"line":219,"column":null}}},"fnMap":{"0":{"name":"hashPassword","decl":{"start":{"line":23,"column":22},"end":{"line":23,"column":35}},"loc":{"start":{"line":23,"column":51},"end":{"line":26,"column":null}}},"1":{"name":"comparePassword","decl":{"start":{"line":31,"column":22},"end":{"line":31,"column":38}},"loc":{"start":{"line":31,"column":68},"end":{"line":33,"column":null}}},"2":{"name":"generateToken","decl":{"start":{"line":38,"column":16},"end":{"line":38,"column":30}},"loc":{"start":{"line":38,"column":44},"end":{"line":44,"column":null}}},"3":{"name":"verifyToken","decl":{"start":{"line":49,"column":16},"end":{"line":49,"column":28}},"loc":{"start":{"line":49,"column":41},"end":{"line":61,"column":null}}},"4":{"name":"registerUser","decl":{"start":{"line":66,"column":22},"end":{"line":66,"column":null}},"loc":{"start":{"line":69,"column":14},"end":{"line":109,"column":null}}},"5":{"name":"loginUser","decl":{"start":{"line":114,"column":22},"end":{"line":114,"column":32}},"loc":{"start":{"line":114,"column":63},"end":{"line":147,"column":null}}},"6":{"name":"getUserById","decl":{"start":{"line":152,"column":22},"end":{"line":152,"column":34}},"loc":{"start":{"line":152,"column":48},"end":{"line":170,"column":null}}},"7":{"name":"getUserByEmail","decl":{"start":{"line":175,"column":22},"end":{"line":175,"column":37}},"loc":{"start":{"line":175,"column":50},"end":{"line":193,"column":null}}},"8":{"name":"updateUserProfile","decl":{"start":{"line":198,"column":22},"end":{"line":198,"column":null}},"loc":{"start":{"line":200,"column":55},"end":{"line":221,"column":null}}}},"branchMap":{"0":{"loc":{"start":{"line":5,"column":19},"end":{"line":5,"column":null}},"type":"binary-expr","locations":[{"start":{"line":5,"column":19},"end":{"line":5,"column":41}},{"start":{"line":5,"column":45},"end":{"line":5,"column":null}}]},"1":{"loc":{"start":{"line":77,"column":4},"end":{"line":79,"column":null}},"type":"if","locations":[{"start":{"line":77,"column":4},"end":{"line":79,"column":null}},{"start":{},"end":{}}]},"2":{"loc":{"start":{"line":121,"column":4},"end":{"line":123,"column":null}},"type":"if","locations":[{"start":{"line":121,"column":4},"end":{"line":123,"column":null}},{"start":{},"end":{}}]},"3":{"loc":{"start":{"line":128,"column":4},"end":{"line":130,"column":null}},"type":"if","locations":[{"start":{"line":128,"column":4},"end":{"line":130,"column":null}},{"start":{},"end":{}}]},"4":{"loc":{"start":{"line":158,"column":4},"end":{"line":158,"column":null}},"type":"if","locations":[{"start":{"line":158,"column":4},"end":{"line":158,"column":null}},{"start":{},"end":{}}]},"5":{"loc":{"start":{"line":181,"column":4},"end":{"line":181,"column":null}},"type":"if","locations":[{"start":{"line":181,"column":4},"end":{"line":181,"column":null}},{"start":{},"end":{}}]}},"s":{"0":2,"1":2,"2":0,"3":0,"4":3,"5":0,"6":0,"7":0,"8":3,"9":1,"10":1,"11":1,"12":1,"13":1,"14":3,"15":3,"16":2,"17":2,"18":3,"19":3,"20":1,"21":2,"22":2,"23":0,"24":0,"25":0,"26":0,"27":0,"28":0,"29":0,"30":0,"31":0,"32":0,"33":0,"34":0,"35":0,"36":0,"37":0,"38":0,"39":0,"40":0,"41":0,"42":0,"43":0,"44":0,"45":0,"46":0,"47":0,"48":0,"49":0,"50":0,"51":0,"52":0,"53":0,"54":0,"55":0,"56":0,"57":0,"58":0,"59":0,"60":0,"61":0,"62":0,"63":0,"64":0},"f":{"0":3,"1":2,"2":2,"3":3,"4":0,"5":0,"6":0,"7":0,"8":0},"b":{"0":[1,0],"1":[0,0],"2":[0,0],"3":[0,0],"4":[0,0],"5":[0,0]}}
,"D:\\laragon\\www\\git-limacentro\\services\\businessService.ts": {"path":"D:\\laragon\\www\\git-limacentro\\services\\businessService.ts","statementMap":{"0":{"start":{"line":73,"column":22},"end":{"line":73,"column":null}},"1":{"start":{"line":147,"column":22},"end":{"line":147,"column":37}},"2":{"start":{"line":27,"column":22},"end":{"line":27,"column":null}},"3":{"start":{"line":58,"column":22},"end":{"line":58,"column":38}},"4":{"start":{"line":42,"column":22},"end":{"line":42,"column":44}},"5":{"start":{"line":170,"column":22},"end":{"line":170,"column":null}},"6":{"start":{"line":105,"column":22},"end":{"line":105,"column":null}},"7":{"start":{"line":1,"column":19},"end":{"line":1,"column":null}},"8":{"start":{"line":7,"column":2},"end":{"line":21,"column":null}},"9":{"start":{"line":28,"column":2},"end":{"line":36,"column":null}},"10":{"start":{"line":29,"column":23},"end":{"line":31,"column":null}},"11":{"start":{"line":32,"column":4},"end":{"line":32,"column":null}},"12":{"start":{"line":34,"column":4},"end":{"line":34,"column":null}},"13":{"start":{"line":35,"column":4},"end":{"line":35,"column":null}},"14":{"start":{"line":43,"column":2},"end":{"line":52,"column":null}},"15":{"start":{"line":44,"column":23},"end":{"line":47,"column":null}},"16":{"start":{"line":48,"column":4},"end":{"line":48,"column":null}},"17":{"start":{"line":50,"column":4},"end":{"line":50,"column":null}},"18":{"start":{"line":51,"column":4},"end":{"line":51,"column":null}},"19":{"start":{"line":59,"column":2},"end":{"line":67,"column":null}},"20":{"start":{"line":60,"column":21},"end":{"line":62,"column":null}},"21":{"start":{"line":63,"column":4},"end":{"line":63,"column":null}},"22":{"start":{"line":65,"column":4},"end":{"line":65,"column":null}},"23":{"start":{"line":66,"column":4},"end":{"line":66,"column":null}},"24":{"start":{"line":77,"column":2},"end":{"line":99,"column":null}},"25":{"start":{"line":78,"column":21},"end":{"line":93,"column":null}},"26":{"start":{"line":95,"column":4},"end":{"line":95,"column":null}},"27":{"start":{"line":97,"column":4},"end":{"line":97,"column":null}},"28":{"start":{"line":98,"column":4},"end":{"line":98,"column":null}},"29":{"start":{"line":110,"column":2},"end":{"line":141,"column":null}},"30":{"start":{"line":112,"column":29},"end":{"line":114,"column":null}},"31":{"start":{"line":116,"column":4},"end":{"line":118,"column":null}},"32":{"start":{"line":117,"column":6},"end":{"line":117,"column":null}},"33":{"start":{"line":120,"column":20},"end":{"line":135,"column":null}},"34":{"start":{"line":137,"column":4},"end":{"line":137,"column":null}},"35":{"start":{"line":139,"column":4},"end":{"line":139,"column":null}},"36":{"start":{"line":140,"column":4},"end":{"line":140,"column":null}},"37":{"start":{"line":148,"column":2},"end":{"line":164,"column":null}},"38":{"start":{"line":150,"column":29},"end":{"line":152,"column":null}},"39":{"start":{"line":154,"column":4},"end":{"line":156,"column":null}},"40":{"start":{"line":155,"column":6},"end":{"line":155,"column":null}},"41":{"start":{"line":158,"column":4},"end":{"line":160,"column":null}},"42":{"start":{"line":162,"column":4},"end":{"line":162,"column":null}},"43":{"start":{"line":163,"column":4},"end":{"line":163,"column":null}},"44":{"start":{"line":175,"column":2},"end":{"line":200,"column":null}},"45":{"start":{"line":176,"column":45},"end":{"line":181,"column":null}},"46":{"start":{"line":183,"column":4},"end":{"line":185,"column":null}},"47":{"start":{"line":184,"column":6},"end":{"line":184,"column":null}},"48":{"start":{"line":187,"column":4},"end":{"line":189,"column":null}},"49":{"start":{"line":188,"column":6},"end":{"line":188,"column":null}},"50":{"start":{"line":191,"column":23},"end":{"line":194,"column":null}},"51":{"start":{"line":196,"column":4},"end":{"line":196,"column":null}},"52":{"start":{"line":198,"column":4},"end":{"line":198,"column":null}},"53":{"start":{"line":199,"column":4},"end":{"line":199,"column":null}}},"fnMap":{"0":{"name":"mapPrismaBusiness","decl":{"start":{"line":6,"column":9},"end":{"line":6,"column":27}},"loc":{"start":{"line":6,"column":33},"end":{"line":22,"column":null}}},"1":{"name":"getAllBusinesses","decl":{"start":{"line":27,"column":22},"end":{"line":27,"column":null}},"loc":{"start":{"line":27,"column":22},"end":{"line":37,"column":null}}},"2":{"name":"getBusinessesByUserId","decl":{"start":{"line":42,"column":22},"end":{"line":42,"column":44}},"loc":{"start":{"line":42,"column":58},"end":{"line":53,"column":null}}},"3":{"name":"getBusinessById","decl":{"start":{"line":58,"column":22},"end":{"line":58,"column":38}},"loc":{"start":{"line":58,"column":56},"end":{"line":68,"column":null}}},"4":{"name":"createBusiness","decl":{"start":{"line":73,"column":22},"end":{"line":73,"column":null}},"loc":{"start":{"line":75,"column":48},"end":{"line":100,"column":null}}},"5":{"name":"updateBusiness","decl":{"start":{"line":105,"column":22},"end":{"line":105,"column":null}},"loc":{"start":{"line":108,"column":28},"end":{"line":142,"column":null}}},"6":{"name":"deleteBusiness","decl":{"start":{"line":147,"column":22},"end":{"line":147,"column":37}},"loc":{"start":{"line":147,"column":71},"end":{"line":165,"column":null}}},"7":{"name":"searchBusinesses","decl":{"start":{"line":170,"column":22},"end":{"line":170,"column":null}},"loc":{"start":{"line":173,"column":19},"end":{"line":201,"column":null}}}},"branchMap":{"0":{"loc":{"start":{"line":14,"column":17},"end":{"line":14,"column":null}},"type":"binary-expr","locations":[{"start":{"line":14,"column":17},"end":{"line":14,"column":30}},{"start":{"line":14,"column":34},"end":{"line":14,"column":null}}]},"1":{"loc":{"start":{"line":15,"column":11},"end":{"line":15,"column":null}},"type":"binary-expr","locations":[{"start":{"line":15,"column":11},"end":{"line":15,"column":18}},{"start":{"line":15,"column":22},"end":{"line":15,"column":null}}]},"2":{"loc":{"start":{"line":16,"column":13},"end":{"line":16,"column":null}},"type":"binary-expr","locations":[{"start":{"line":16,"column":13},"end":{"line":16,"column":22}},{"start":{"line":16,"column":26},"end":{"line":16,"column":null}}]},"3":{"loc":{"start":{"line":17,"column":12},"end":{"line":17,"column":null}},"type":"cond-expr","locations":[{"start":{"line":17,"column":23},"end":{"line":17,"column":42}},{"start":{"line":17,"column":42},"end":{"line":17,"column":null}}]},"4":{"loc":{"start":{"line":20,"column":14},"end":{"line":20,"column":null}},"type":"binary-expr","locations":[{"start":{"line":20,"column":14},"end":{"line":20,"column":24}},{"start":{"line":20,"column":28},"end":{"line":20,"column":null}}]},"5":{"loc":{"start":{"line":63,"column":11},"end":{"line":63,"column":null}},"type":"cond-expr","locations":[{"start":{"line":63,"column":22},"end":{"line":63,"column":52}},{"start":{"line":63,"column":52},"end":{"line":63,"column":null}}]},"6":{"loc":{"start":{"line":88,"column":16},"end":{"line":88,"column":null}},"type":"binary-expr","locations":[{"start":{"line":88,"column":16},"end":{"line":88,"column":35}},{"start":{"line":88,"column":39},"end":{"line":88,"column":null}}]},"7":{"loc":{"start":{"line":116,"column":4},"end":{"line":118,"column":null}},"type":"if","locations":[{"start":{"line":116,"column":4},"end":{"line":118,"column":null}},{"start":{},"end":{}}]},"8":{"loc":{"start":{"line":116,"column":8},"end":{"line":116,"column":65}},"type":"binary-expr","locations":[{"start":{"line":116,"column":8},"end":{"line":116,"column":29}},{"start":{"line":116,"column":29},"end":{"line":116,"column":65}}]},"9":{"loc":{"start":{"line":154,"column":4},"end":{"line":156,"column":null}},"type":"if","locations":[{"start":{"line":154,"column":4},"end":{"line":156,"column":null}},{"start":{},"end":{}}]},"10":{"loc":{"start":{"line":154,"column":8},"end":{"line":154,"column":65}},"type":"binary-expr","locations":[{"start":{"line":154,"column":8},"end":{"line":154,"column":29}},{"start":{"line":154,"column":29},"end":{"line":154,"column":65}}]},"11":{"loc":{"start":{"line":183,"column":4},"end":{"line":185,"column":null}},"type":"if","locations":[{"start":{"line":183,"column":4},"end":{"line":185,"column":null}},{"start":{},"end":{}}]},"12":{"loc":{"start":{"line":187,"column":4},"end":{"line":189,"column":null}},"type":"if","locations":[{"start":{"line":187,"column":4},"end":{"line":189,"column":null}},{"start":{},"end":{}}]}},"s":{"0":0,"1":0,"2":0,"3":0,"4":0,"5":0,"6":0,"7":0,"8":0,"9":0,"10":0,"11":0,"12":0,"13":0,"14":0,"15":0,"16":0,"17":0,"18":0,"19":0,"20":0,"21":0,"22":0,"23":0,"24":0,"25":0,"26":0,"27":0,"28":0,"29":0,"30":0,"31":0,"32":0,"33":0,"34":0,"35":0,"36":0,"37":0,"38":0,"39":0,"40":0,"41":0,"42":0,"43":0,"44":0,"45":0,"46":0,"47":0,"48":0,"49":0,"50":0,"51":0,"52":0,"53":0},"f":{"0":0,"1":0,"2":0,"3":0,"4":0,"5":0,"6":0,"7":0},"b":{"0":[0,0],"1":[0,0],"2":[0,0],"3":[0,0],"4":[0,0],"5":[0,0],"6":[0,0],"7":[0,0],"8":[0,0],"9":[0,0],"10":[0,0],"11":[0,0],"12":[0,0]}}
,"D:\\laragon\\www\\git-limacentro\\services\\db.ts": {"path":"D:\\laragon\\www\\git-limacentro\\services\\db.ts","statementMap":{"0":{"start":{"line":5,"column":13},"end":{"line":5,"column":null}},"1":{"start":{"line":13,"column":0},"end":{"line":13,"column":15}},"2":{"start":{"line":1,"column":29},"end":{"line":1,"column":null}},"3":{"start":{"line":3,"column":24},"end":{"line":3,"column":null}},"4":{"start":{"line":6,"column":2},"end":{"line":9,"column":null}},"5":{"start":{"line":11,"column":0},"end":{"line":11,"column":null}},"6":{"start":{"line":11,"column":43},"end":{"line":11,"column":null}},"7":{"start":{"line":13,"column":15},"end":{"line":13,"column":null}}},"fnMap":{},"branchMap":{"0":{"loc":{"start":{"line":6,"column":2},"end":{"line":9,"column":null}},"type":"binary-expr","locations":[{"start":{"line":6,"column":2},"end":{"line":6,"column":24}},{"start":{"line":7,"column":2},"end":{"line":9,"column":null}}]},"1":{"loc":{"start":{"line":11,"column":0},"end":{"line":11,"column":null}},"type":"if","locations":[{"start":{"line":11,"column":0},"end":{"line":11,"column":null}},{"start":{},"end":{}}]}},"s":{"0":0,"1":0,"2":0,"3":0,"4":0,"5":0,"6":0,"7":0},"f":{},"b":{"0":[0,0],"1":[0,0]}}
,"D:\\laragon\\www\\git-limacentro\\services\\geocodingService.ts": {"path":"D:\\laragon\\www\\git-limacentro\\services\\geocodingService.ts","statementMap":{"0":{"start":{"line":10,"column":13},"end":{"line":10,"column":30}},"1":{"start":{"line":10,"column":30},"end":{"line":44,"column":null}},"2":{"start":{"line":11,"column":2},"end":{"line":43,"column":null}},"3":{"start":{"line":13,"column":18},"end":{"line":13,"column":55}},"4":{"start":{"line":14,"column":25},"end":{"line":14,"column":null}},"5":{"start":{"line":18,"column":16},"end":{"line":18,"column":98}},"6":{"start":{"line":20,"column":21},"end":{"line":24,"column":null}},"7":{"start":{"line":26,"column":4},"end":{"line":28,"column":null}},"8":{"start":{"line":27,"column":6},"end":{"line":27,"column":null}},"9":{"start":{"line":30,"column":17},"end":{"line":30,"column":null}},"10":{"start":{"line":32,"column":4},"end":{"line":37,"column":null}},"11":{"start":{"line":33,"column":6},"end":{"line":36,"column":null}},"12":{"start":{"line":39,"column":4},"end":{"line":39,"column":null}},"13":{"start":{"line":41,"column":4},"end":{"line":41,"column":null}},"14":{"start":{"line":42,"column":4},"end":{"line":42,"column":null}}},"fnMap":{"0":{"name":"(anonymous_1)","decl":{"start":{"line":10,"column":30},"end":{"line":10,"column":37}},"loc":{"start":{"line":10,"column":54},"end":{"line":44,"column":null}}}},"branchMap":{"0":{"loc":{"start":{"line":26,"column":4},"end":{"line":28,"column":null}},"type":"if","locations":[{"start":{"line":26,"column":4},"end":{"line":28,"column":null}},{"start":{},"end":{}}]},"1":{"loc":{"start":{"line":32,"column":4},"end":{"line":37,"column":null}},"type":"if","locations":[{"start":{"line":32,"column":4},"end":{"line":37,"column":null}},{"start":{},"end":{}}]},"2":{"loc":{"start":{"line":32,"column":8},"end":{"line":32,"column":33}},"type":"binary-expr","locations":[{"start":{"line":32,"column":8},"end":{"line":32,"column":16}},{"start":{"line":32,"column":16},"end":{"line":32,"column":33}}]}},"s":{"0":4,"1":1,"2":4,"3":4,"4":4,"5":4,"6":4,"7":4,"8":1,"9":3,"10":3,"11":2,"12":1,"13":1,"14":1},"f":{"0":4},"b":{"0":[1,3],"1":[2,1],"2":[3,3]}}
,"D:\\laragon\\www\\git-limacentro\\services\\mockDatabase.ts": {"path":"D:\\laragon\\www\\git-limacentro\\services\\mockDatabase.ts","statementMap":{"0":{"start":{"line":20,"column":13},"end":{"line":20,"column":27}},"1":{"start":{"line":10,"column":13},"end":{"line":10,"column":29}},"2":{"start":{"line":28,"column":13},"end":{"line":28,"column":30}},"3":{"start":{"line":34,"column":13},"end":{"line":34,"column":25}},"4":{"start":{"line":46,"column":13},"end":{"line":46,"column":26}},"5":{"start":{"line":2,"column":35},"end":{"line":2,"column":null}},"6":{"start":{"line":4,"column":29},"end":{"line":4,"column":null}},"7":{"start":{"line":5,"column":25},"end":{"line":5,"column":null}},"8":{"start":{"line":8,"column":18},"end":{"line":8,"column":null}},"9":{"start":{"line":10,"column":29},"end":{"line":18,"column":null}},"10":{"start":{"line":11,"column":2},"end":{"line":11,"column":null}},"11":{"start":{"line":11,"column":18},"end":{"line":11,"column":null}},"12":{"start":{"line":12,"column":17},"end":{"line":12,"column":null}},"13":{"start":{"line":13,"column":2},"end":{"line":16,"column":null}},"14":{"start":{"line":14,"column":4},"end":{"line":14,"column":null}},"15":{"start":{"line":15,"column":4},"end":{"line":15,"column":null}},"16":{"start":{"line":17,"column":2},"end":{"line":17,"column":null}},"17":{"start":{"line":20,"column":27},"end":{"line":26,"column":null}},"18":{"start":{"line":21,"column":2},"end":{"line":21,"column":null}},"19":{"start":{"line":21,"column":18},"end":{"line":21,"column":null}},"20":{"start":{"line":22,"column":18},"end":{"line":22,"column":null}},"21":{"start":{"line":23,"column":18},"end":{"line":23,"column":null}},"22":{"start":{"line":24,"column":2},"end":{"line":24,"column":null}},"23":{"start":{"line":25,"column":2},"end":{"line":25,"column":null}},"24":{"start":{"line":28,"column":30},"end":{"line":32,"column":null}},"25":{"start":{"line":29,"column":2},"end":{"line":29,"column":null}},"26":{"start":{"line":29,"column":18},"end":{"line":29,"column":null}},"27":{"start":{"line":30,"column":17},"end":{"line":30,"column":null}},"28":{"start":{"line":31,"column":2},"end":{"line":31,"column":null}},"29":{"start":{"line":34,"column":25},"end":{"line":44,"column":null}},"30":{"start":{"line":35,"column":2},"end":{"line":35,"column":null}},"31":{"start":{"line":35,"column":18},"end":{"line":35,"column":null}},"32":{"start":{"line":36,"column":25},"end":{"line":41,"column":null}},"33":{"start":{"line":42,"column":2},"end":{"line":42,"column":null}},"34":{"start":{"line":43,"column":2},"end":{"line":43,"column":null}},"35":{"start":{"line":46,"column":26},"end":{"line":50,"column":null}},"36":{"start":{"line":47,"column":2},"end":{"line":49,"column":null}},"37":{"start":{"line":48,"column":4},"end":{"line":48,"column":null}}},"fnMap":{"0":{"name":"(anonymous_6)","decl":{"start":{"line":10,"column":29},"end":{"line":10,"column":null}},"loc":{"start":{"line":10,"column":29},"end":{"line":18,"column":null}}},"1":{"name":"(anonymous_7)","decl":{"start":{"line":20,"column":27},"end":{"line":20,"column":28}},"loc":{"start":{"line":20,"column":28},"end":{"line":26,"column":null}}},"2":{"name":"(anonymous_8)","decl":{"start":{"line":28,"column":30},"end":{"line":28,"column":null}},"loc":{"start":{"line":28,"column":30},"end":{"line":32,"column":null}}},"3":{"name":"(anonymous_9)","decl":{"start":{"line":34,"column":25},"end":{"line":34,"column":null}},"loc":{"start":{"line":34,"column":25},"end":{"line":44,"column":null}}},"4":{"name":"(anonymous_10)","decl":{"start":{"line":46,"column":26},"end":{"line":46,"column":null}},"loc":{"start":{"line":46,"column":26},"end":{"line":50,"column":null}}}},"branchMap":{"0":{"loc":{"start":{"line":11,"column":2},"end":{"line":11,"column":null}},"type":"if","locations":[{"start":{"line":11,"column":2},"end":{"line":11,"column":null}},{"start":{},"end":{}}]},"1":{"loc":{"start":{"line":13,"column":2},"end":{"line":16,"column":null}},"type":"if","locations":[{"start":{"line":13,"column":2},"end":{"line":16,"column":null}},{"start":{},"end":{}}]},"2":{"loc":{"start":{"line":21,"column":2},"end":{"line":21,"column":null}},"type":"if","locations":[{"start":{"line":21,"column":2},"end":{"line":21,"column":null}},{"start":{},"end":{}}]},"3":{"loc":{"start":{"line":29,"column":2},"end":{"line":29,"column":null}},"type":"if","locations":[{"start":{"line":29,"column":2},"end":{"line":29,"column":null}},{"start":{},"end":{}}]},"4":{"loc":{"start":{"line":31,"column":9},"end":{"line":31,"column":null}},"type":"cond-expr","locations":[{"start":{"line":31,"column":18},"end":{"line":31,"column":39}},{"start":{"line":31,"column":39},"end":{"line":31,"column":null}}]},"5":{"loc":{"start":{"line":35,"column":2},"end":{"line":35,"column":null}},"type":"if","locations":[{"start":{"line":35,"column":2},"end":{"line":35,"column":null}},{"start":{},"end":{}}]},"6":{"loc":{"start":{"line":47,"column":2},"end":{"line":49,"column":null}},"type":"if","locations":[{"start":{"line":47,"column":2},"end":{"line":49,"column":null}},{"start":{},"end":{}}]}},"s":{"0":1,"1":2,"2":5,"3":3,"4":1,"5":1,"6":1,"7":1,"8":1,"9":1,"10":3,"11":0,"12":3,"13":3,"14":2,"15":2,"16":1,"17":1,"18":1,"19":0,"20":1,"21":1,"22":1,"23":1,"24":1,"25":5,"26":0,"27":5,"28":5,"29":1,"30":3,"31":0,"32":3,"33":3,"34":3,"35":1,"36":1,"37":1},"f":{"0":3,"1":1,"2":5,"3":3,"4":1},"b":{"0":[0,3],"1":[2,1],"2":[0,1],"3":[0,5],"4":[3,2],"5":[0,3],"6":[1,0]}}
,"D:\\laragon\\www\\git-limacentro\\services\\onlineUsers.ts": {"path":"D:\\laragon\\www\\git-limacentro\\services\\onlineUsers.ts","statementMap":{"0":{"start":{"line":30,"column":13},"end":{"line":30,"column":34}},"1":{"start":{"line":25,"column":13},"end":{"line":25,"column":30}},"2":{"start":{"line":3,"column":20},"end":{"line":3,"column":null}},"3":{"start":{"line":5,"column":21},"end":{"line":5,"column":32}},"4":{"start":{"line":8,"column":45},"end":{"line":8,"column":null}},"5":{"start":{"line":10,"column":24},"end":{"line":17,"column":null}},"6":{"start":{"line":11,"column":14},"end":{"line":11,"column":null}},"7":{"start":{"line":12,"column":2},"end":{"line":16,"column":null}},"8":{"start":{"line":13,"column":4},"end":{"line":15,"column":null}},"9":{"start":{"line":14,"column":6},"end":{"line":14,"column":null}},"10":{"start":{"line":19,"column":21},"end":{"line":23,"column":null}},"11":{"start":{"line":20,"column":2},"end":{"line":22,"column":null}},"12":{"start":{"line":21,"column":4},"end":{"line":21,"column":null}},"13":{"start":{"line":25,"column":30},"end":{"line":28,"column":null}},"14":{"start":{"line":26,"column":2},"end":{"line":26,"column":null}},"15":{"start":{"line":27,"column":2},"end":{"line":27,"column":18}},"16":{"start":{"line":30,"column":34},"end":{"line":39,"column":null}},"17":{"start":{"line":31,"column":14},"end":{"line":31,"column":null}},"18":{"start":{"line":32,"column":20},"end":{"line":32,"column":null}},"19":{"start":{"line":33,"column":2},"end":{"line":37,"column":null}},"20":{"start":{"line":34,"column":4},"end":{"line":36,"column":null}},"21":{"start":{"line":35,"column":6},"end":{"line":35,"column":null}},"22":{"start":{"line":38,"column":2},"end":{"line":38,"column":null}}},"fnMap":{"0":{"name":"(anonymous_3)","decl":{"start":{"line":10,"column":24},"end":{"line":10,"column":null}},"loc":{"start":{"line":10,"column":24},"end":{"line":17,"column":null}}},"1":{"name":"(anonymous_4)","decl":{"start":{"line":19,"column":21},"end":{"line":19,"column":null}},"loc":{"start":{"line":19,"column":21},"end":{"line":23,"column":null}}},"2":{"name":"(anonymous_5)","decl":{"start":{"line":25,"column":30},"end":{"line":25,"column":31}},"loc":{"start":{"line":25,"column":31},"end":{"line":28,"column":null}}},"3":{"name":"(anonymous_6)","decl":{"start":{"line":30,"column":34},"end":{"line":30,"column":null}},"loc":{"start":{"line":30,"column":34},"end":{"line":39,"column":null}}}},"branchMap":{"0":{"loc":{"start":{"line":13,"column":4},"end":{"line":15,"column":null}},"type":"if","locations":[{"start":{"line":13,"column":4},"end":{"line":15,"column":null}},{"start":{},"end":{}}]},"1":{"loc":{"start":{"line":20,"column":2},"end":{"line":22,"column":null}},"type":"if","locations":[{"start":{"line":20,"column":2},"end":{"line":22,"column":null}},{"start":{},"end":{}}]},"2":{"loc":{"start":{"line":34,"column":4},"end":{"line":36,"column":null}},"type":"if","locations":[{"start":{"line":34,"column":4},"end":{"line":36,"column":null}},{"start":{},"end":{}}]}},"s":{"0":0,"1":0,"2":0,"3":0,"4":0,"5":0,"6":0,"7":0,"8":0,"9":0,"10":0,"11":0,"12":0,"13":0,"14":0,"15":0,"16":0,"17":0,"18":0,"19":0,"20":0,"21":0,"22":0},"f":{"0":0,"1":0,"2":0,"3":0},"b":{"0":[0,0],"1":[0,0],"2":[0,0]}}
}
