TN:
SF:components\AuthModal.tsx
FN:10,(anonymous_4)
FN:21,(anonymous_5)
FN:23,(anonymous_6)
FN:27,(anonymous_7)
FN:157,(anonymous_8)
FNF:5
FNH:0
FNDA:0,(anonymous_4)
FNDA:0,(anonymous_5)
FNDA:0,(anonymous_6)
FNDA:0,(anonymous_7)
FNDA:0,(anonymous_8)
DA:1,0
DA:2,0
DA:3,0
DA:10,0
DA:11,0
DA:12,0
DA:13,0
DA:14,0
DA:15,0
DA:21,0
DA:22,0
DA:23,0
DA:24,0
DA:27,0
DA:28,0
DA:29,0
DA:30,0
DA:32,0
DA:33,0
DA:34,0
DA:36,0
DA:38,0
DA:40,0
DA:42,0
DA:46,0
DA:158,0
DA:159,0
DA:160,0
LF:28
LH:0
BRDA:33,0,0,0
BRDA:33,0,1,0
BRDA:40,1,0,0
BRDA:40,1,1,0
BRDA:46,2,0,0
BRDA:46,2,1,0
BRDA:54,3,0,0
BRDA:54,3,1,0
BRDA:67,4,0,0
BRDA:74,5,0,0
BRDA:141,6,0,0
BRDA:141,6,1,0
BRDA:147,7,0,0
BRDA:147,7,1,0
BRDA:155,8,0,0
BRDA:155,8,1,0
BRDA:164,9,0,0
BRDA:164,9,1,0
BRF:18
BRH:0
end_of_record
TN:
SF:components\BusinessCard.tsx
FN:12,(anonymous_2)
FN:15,(anonymous_3)
FN:41,(anonymous_4)
FN:43,(anonymous_5)
FNF:4
FNH:4
FNDA:4,(anonymous_2)
FNDA:1,(anonymous_3)
FNDA:4,(anonymous_4)
FNDA:20,(anonymous_5)
DA:1,1
DA:3,1
DA:4,1
DA:12,4
DA:15,1
DA:42,4
DA:43,20
DA:44,4
LF:8
LH:8
BRDA:19,0,0,1
BRDA:19,0,1,3
BRDA:26,1,0,4
BRDA:26,1,1,0
BRDA:44,2,0,0
BRDA:44,2,1,4
BRDA:65,3,0,4
BRDA:75,4,0,4
BRF:8
BRH:6
end_of_record
TN:
SF:components\BusinessDetailView.tsx
FN:10,(anonymous_2)
FNF:1
FNH:0
FNDA:0,(anonymous_2)
DA:1,0
DA:3,0
DA:10,0
LF:3
LH:0
BRDA:42,0,0,0
BRDA:42,0,1,0
BRDA:79,1,0,0
BRDA:90,2,0,0
BRF:4
BRH:0
end_of_record
TN:
SF:components\BusinessForm.tsx
FN:12,(anonymous_4)
FN:29,(anonymous_5)
FN:31,(anonymous_6)
FN:38,(anonymous_7)
FN:60,(anonymous_8)
FN:126,(anonymous_9)
FN:138,(anonymous_10)
FNF:7
FNH:6
FNDA:79,(anonymous_4)
FNDA:72,(anonymous_5)
FNDA:72,(anonymous_6)
FNDA:0,(anonymous_7)
FNDA:2,(anonymous_8)
FNDA:711,(anonymous_9)
FNDA:3397,(anonymous_10)
DA:1,1
DA:2,1
DA:3,1
DA:5,1
DA:12,5
DA:13,79
DA:14,79
DA:16,79
DA:27,79
DA:29,79
DA:30,72
DA:31,72
DA:33,72
DA:34,0
DA:38,79
DA:39,0
DA:40,0
DA:41,0
DA:44,0
DA:45,0
DA:46,0
DA:47,0
DA:48,0
DA:49,0
DA:51,0
DA:54,0
DA:56,0
DA:60,79
DA:61,2
DA:62,2
DA:63,2
DA:64,2
DA:68,0
DA:69,0
DA:70,0
DA:73,0
DA:81,0
DA:126,711
DA:138,3397
LF:39
LH:21
BRDA:33,0,0,0
BRDA:33,0,1,72
BRDA:33,1,0,72
BRDA:33,1,1,72
BRDA:39,2,0,0
BRDA:39,2,1,0
BRDA:39,3,0,0
BRDA:39,3,1,0
BRDA:48,4,0,0
BRDA:48,4,1,0
BRDA:62,5,0,2
BRDA:62,5,1,0
BRDA:68,6,0,0
BRDA:68,6,1,0
BRDA:68,7,0,0
BRDA:68,7,1,0
BRDA:68,7,2,0
BRDA:68,7,3,0
BRDA:93,8,0,79
BRDA:169,9,0,0
BRDA:169,9,1,79
BRDA:173,10,0,79
BRF:22
BRH:7
end_of_record
TN:
SF:components\Footer.tsx
FN:5,(anonymous_2)
FNF:1
FNH:0
FNDA:0,(anonymous_2)
DA:1,0
DA:2,0
DA:3,0
DA:5,0
LF:4
LH:0
BRF:0
BRH:0
end_of_record
TN:
SF:components\GoogleAnalytics.tsx
FN:7,(anonymous_2)
FN:10,(anonymous_3)
FN:15,(anonymous_4)
FN:26,(anonymous_5)
FNF:4
FNH:0
FNDA:0,(anonymous_2)
FNDA:0,(anonymous_3)
FNDA:0,(anonymous_4)
FNDA:0,(anonymous_5)
DA:1,0
DA:2,0
DA:3,0
DA:5,0
DA:7,0
DA:8,0
DA:10,0
DA:12,0
DA:15,0
DA:16,0
DA:17,0
DA:23,0
DA:26,0
DA:27,0
DA:31,0
DA:32,0
DA:59,0
LF:17
LH:0
BRDA:5,0,0,0
BRDA:5,0,1,0
BRDA:12,1,0,0
BRDA:12,1,1,0
BRDA:16,2,0,0
BRDA:16,2,1,0
BRDA:31,3,0,0
BRDA:31,3,1,0
BRF:8
BRH:0
end_of_record
TN:
SF:components\GoogleSignInButton.tsx
FN:5,GoogleSignInButton
FN:8,(anonymous_2)
FNF:2
FNH:0
FNDA:0,GoogleSignInButton
FNDA:0,(anonymous_2)
DA:3,0
DA:5,0
DA:8,0
LF:3
LH:0
BRF:0
BRH:0
end_of_record
TN:
SF:components\MapBoard.tsx
FN:8,(anonymous_5)
FN:19,(anonymous_6)
FN:21,(anonymous_7)
FN:30,(anonymous_8)
FN:32,(anonymous_9)
FN:46,(anonymous_10)
FN:48,(anonymous_11)
FN:67,(anonymous_12)
FN:72,(anonymous_13)
FNF:9
FNH:0
FNDA:0,(anonymous_5)
FNDA:0,(anonymous_6)
FNDA:0,(anonymous_7)
FNDA:0,(anonymous_8)
FNDA:0,(anonymous_9)
FNDA:0,(anonymous_10)
FNDA:0,(anonymous_11)
FNDA:0,(anonymous_12)
FNDA:0,(anonymous_13)
DA:1,0
DA:2,0
DA:3,0
DA:5,0
DA:8,0
DA:10,0
DA:11,0
DA:19,0
DA:20,0
DA:21,0
DA:22,0
DA:27,0
DA:30,0
DA:31,0
DA:33,0
DA:36,0
DA:46,0
DA:48,0
DA:49,0
DA:68,0
DA:73,0
DA:74,0
DA:83,0
LF:23
LH:0
BRF:0
BRH:0
end_of_record
TN:
SF:components\OnlineUsersCounter.tsx
FN:6,(anonymous_4)
FN:7,(anonymous_5)
FN:8,(anonymous_6)
FN:18,(anonymous_7)
FNF:4
FNH:0
FNDA:0,(anonymous_4)
FNDA:0,(anonymous_5)
FNDA:0,(anonymous_6)
FNDA:0,(anonymous_7)
DA:3,0
DA:6,0
DA:7,0
DA:8,0
DA:9,0
DA:10,0
DA:14,0
DA:16,0
DA:18,0
DA:21,0
LF:10
LH:0
BRDA:9,0,0,0
BRDA:9,0,1,0
BRDA:9,1,0,0
BRDA:9,1,1,0
BRF:4
BRH:0
end_of_record
TN:
SF:pages\_app.tsx
FN:7,App
FNF:1
FNH:0
FNDA:0,App
DA:2,0
DA:3,0
DA:4,0
DA:5,0
DA:7,0
LF:5
LH:0
BRF:0
BRH:0
end_of_record
TN:
SF:pages\_document.tsx
FN:3,Document
FNF:1
FNH:0
FNDA:0,Document
DA:1,0
DA:3,0
LF:2
LH:0
BRF:0
BRH:0
end_of_record
TN:
SF:pages\index.tsx
FN:14,(anonymous_5)
FN:14,(anonymous_6)
FN:19,HomePage
FN:32,(anonymous_10)
FN:37,(anonymous_11)
FN:38,(anonymous_12)
FN:47,(anonymous_13)
FN:48,(anonymous_14)
FN:52,(anonymous_15)
FN:57,(anonymous_16)
FN:66,(anonymous_17)
FN:70,(anonymous_18)
FN:78,(anonymous_19)
FN:104,(anonymous_20)
FN:145,(anonymous_21)
FN:162,(anonymous_22)
FN:167,(anonymous_23)
FN:182,(anonymous_24)
FN:203,(anonymous_25)
FN:227,(anonymous_26)
FN:233,(anonymous_27)
FN:245,(anonymous_28)
FN:249,(anonymous_29)
FN:256,(anonymous_30)
FN:260,(anonymous_31)
FN:272,(anonymous_32)
FNF:26
FNH:0
FNDA:0,(anonymous_5)
FNDA:0,(anonymous_6)
FNDA:0,HomePage
FNDA:0,(anonymous_10)
FNDA:0,(anonymous_11)
FNDA:0,(anonymous_12)
FNDA:0,(anonymous_13)
FNDA:0,(anonymous_14)
FNDA:0,(anonymous_15)
FNDA:0,(anonymous_16)
FNDA:0,(anonymous_17)
FNDA:0,(anonymous_18)
FNDA:0,(anonymous_19)
FNDA:0,(anonymous_20)
FNDA:0,(anonymous_21)
FNDA:0,(anonymous_22)
FNDA:0,(anonymous_23)
FNDA:0,(anonymous_24)
FNDA:0,(anonymous_25)
FNDA:0,(anonymous_26)
FNDA:0,(anonymous_27)
FNDA:0,(anonymous_28)
FNDA:0,(anonymous_29)
FNDA:0,(anonymous_30)
FNDA:0,(anonymous_31)
FNDA:0,(anonymous_32)
DA:1,0
DA:2,0
DA:4,0
DA:5,0
DA:6,0
DA:7,0
DA:8,0
DA:9,0
DA:10,0
DA:11,0
DA:14,0
DA:19,0
DA:21,0
DA:22,0
DA:23,0
DA:24,0
DA:25,0
DA:26,0
DA:27,0
DA:28,0
DA:29,0
DA:30,0
DA:32,0
DA:33,0
DA:34,0
DA:37,0
DA:38,0
DA:39,0
DA:41,0
DA:42,0
DA:43,0
DA:47,0
DA:48,0
DA:52,0
DA:53,0
DA:54,0
DA:57,0
DA:58,0
DA:59,0
DA:60,0
DA:61,0
DA:62,0
DA:66,0
DA:67,0
DA:70,0
DA:71,0
DA:72,0
DA:73,0
DA:74,0
DA:75,0
DA:78,0
DA:104,0
DA:145,0
DA:162,0
DA:167,0
DA:182,0
DA:204,0
DA:227,0
DA:233,0
DA:245,0
DA:249,0
DA:256,0
DA:260,0
DA:272,0
LF:64
LH:0
BRDA:39,0,0,0
BRDA:39,0,1,0
BRDA:41,1,0,0
BRDA:41,1,1,0
BRDA:42,2,0,0
BRDA:42,2,1,0
BRDA:43,3,0,0
BRDA:43,3,1,0
BRDA:43,3,2,0
BRDA:61,4,0,0
BRDA:61,4,1,0
BRDA:61,5,0,0
BRDA:61,5,1,0
BRDA:94,6,0,0
BRDA:94,6,1,0
BRDA:96,7,0,0
BRDA:101,8,0,0
BRDA:113,9,0,0
BRDA:113,9,1,0
BRDA:125,10,0,0
BRDA:125,10,1,0
BRDA:144,11,0,0
BRDA:178,12,0,0
BRDA:194,13,0,0
BRDA:223,14,0,0
BRDA:269,15,0,0
BRF:26
BRH:0
end_of_record
TN:
SF:pages\politicas-de-privacidad.tsx
FN:5,(anonymous_2)
FNF:1
FNH:0
FNDA:0,(anonymous_2)
DA:1,0
DA:2,0
DA:3,0
DA:5,0
DA:101,0
LF:5
LH:0
BRF:0
BRH:0
end_of_record
TN:
SF:pages\quienes-somos.tsx
FN:5,(anonymous_2)
FNF:1
FNH:0
FNDA:0,(anonymous_2)
DA:1,0
DA:2,0
DA:3,0
DA:5,0
DA:63,0
LF:5
LH:0
BRF:0
BRH:0
end_of_record
TN:
SF:pages\api\auth\login.ts
FN:4,handler
FNF:1
FNH:0
FNDA:0,handler
DA:2,0
DA:4,0
DA:8,0
DA:9,0
DA:12,0
DA:13,0
DA:16,0
DA:17,0
DA:21,0
DA:24,0
DA:26,0
DA:28,0
DA:29,0
LF:13
LH:0
BRDA:8,0,0,0
BRDA:8,0,1,0
BRDA:16,1,0,0
BRDA:16,1,1,0
BRDA:16,2,0,0
BRDA:16,2,1,0
BRF:6
BRH:0
end_of_record
TN:
SF:pages\api\auth\logout.ts
FN:3,handler
FNF:1
FNH:0
FNDA:0,handler
DA:3,0
DA:7,0
DA:8,0
DA:11,0
DA:13,0
DA:15,0
DA:17,0
DA:18,0
LF:8
LH:0
BRDA:7,0,0,0
BRDA:7,0,1,0
BRF:2
BRH:0
end_of_record
TN:
SF:pages\api\auth\register.ts
FN:4,handler
FNF:1
FNH:0
FNDA:0,handler
DA:2,0
DA:4,0
DA:8,0
DA:9,0
DA:12,0
DA:13,0
DA:16,0
DA:17,0
DA:20,0
DA:21,0
DA:25,0
DA:28,0
DA:30,0
DA:32,0
DA:33,0
LF:15
LH:0
BRDA:8,0,0,0
BRDA:8,0,1,0
BRDA:16,1,0,0
BRDA:16,1,1,0
BRDA:16,2,0,0
BRDA:16,2,1,0
BRDA:16,2,2,0
BRDA:20,3,0,0
BRDA:20,3,1,0
BRF:9
BRH:0
end_of_record
TN:
SF:pages\api\businesses\index.ts
FN:5,handler
FNF:1
FNH:0
FNDA:0,handler
DA:2,0
DA:3,0
DA:5,0
DA:9,0
DA:10,0
DA:11,0
DA:12,0
DA:14,0
DA:15,0
DA:19,0
DA:20,0
DA:22,0
DA:24,0
DA:25,0
DA:29,0
DA:30,0
DA:31,0
DA:34,0
DA:37,0
DA:39,0
DA:43,0
DA:45,0
DA:47,0
DA:48,0
DA:52,0
LF:25
LH:0
BRDA:9,0,0,0
BRDA:9,0,1,0
BRDA:19,1,0,0
BRDA:19,1,1,0
BRDA:22,2,0,0
BRDA:22,2,1,0
BRDA:24,3,0,0
BRDA:24,3,1,0
BRDA:30,4,0,0
BRDA:30,4,1,0
BRDA:37,5,0,0
BRDA:37,5,1,0
BRDA:37,6,0,0
BRDA:37,6,1,0
BRDA:37,6,2,0
BRDA:37,6,3,0
BRDA:37,6,4,0
BRDA:37,6,5,0
BRF:18
BRH:0
end_of_record
TN:
SF:pages\api\businesses\me.ts
FN:5,handler
FNF:1
FNH:0
FNDA:0,handler
DA:2,0
DA:3,0
DA:5,0
DA:9,0
DA:10,0
DA:13,0
DA:15,0
DA:17,0
DA:18,0
DA:22,0
DA:23,0
DA:24,0
DA:28,0
DA:30,0
DA:32,0
DA:33,0
LF:16
LH:0
BRDA:9,0,0,0
BRDA:9,0,1,0
BRDA:15,1,0,0
BRDA:15,1,1,0
BRDA:17,2,0,0
BRDA:17,2,1,0
BRDA:23,3,0,0
BRDA:23,3,1,0
BRF:8
BRH:0
end_of_record
TN:
SF:services\api.ts
FN:17,apiCall
FN:48,apiCallWithAuth
FN:65,register
FN:79,login
FN:89,logout
FN:98,getBusinesses
FN:107,createBusiness
FN:117,getUserBusinesses
FN:126,updateBusiness
FN:140,deleteBusiness
FN:149,getAuthToken
FN:157,setAuthToken
FN:165,clearAuthToken
FNF:13
FNH:0
FNDA:0,apiCall
FNDA:0,apiCallWithAuth
FNDA:0,register
FNDA:0,login
FNDA:0,logout
FNDA:0,getBusinesses
FNDA:0,createBusiness
FNDA:0,getUserBusinesses
FNDA:0,updateBusiness
FNDA:0,deleteBusiness
FNDA:0,getAuthToken
FNDA:0,setAuthToken
FNDA:0,clearAuthToken
DA:10,0
DA:17,0
DA:21,0
DA:23,0
DA:24,0
DA:32,0
DA:34,0
DA:35,0
DA:38,0
DA:40,0
DA:41,0
DA:48,0
DA:53,0
DA:65,0
DA:70,0
DA:79,0
DA:80,0
DA:89,0
DA:90,0
DA:98,0
DA:99,0
DA:107,0
DA:108,0
DA:117,0
DA:118,0
DA:126,0
DA:131,0
DA:140,0
DA:141,0
DA:149,0
DA:150,0
DA:151,0
DA:157,0
DA:158,0
DA:159,0
DA:165,0
DA:166,0
DA:167,0
LF:38
LH:0
BRDA:10,0,0,0
BRDA:10,0,1,0
BRDA:11,1,0,0
BRDA:11,1,1,0
BRDA:12,2,0,0
BRDA:12,2,1,0
BRDA:19,3,0,0
BRDA:34,4,0,0
BRDA:34,4,1,0
BRDA:35,5,0,0
BRDA:35,5,1,0
BRDA:51,6,0,0
BRDA:150,7,0,0
BRDA:150,7,1,0
BRDA:158,8,0,0
BRDA:158,8,1,0
BRDA:166,9,0,0
BRDA:166,9,1,0
BRF:18
BRH:0
end_of_record
TN:
SF:services\auth.ts
FN:23,hashPassword
FN:31,comparePassword
FN:38,generateToken
FN:49,verifyToken
FN:66,registerUser
FN:114,loginUser
FN:152,getUserById
FN:175,getUserByEmail
FN:198,updateUserProfile
FNF:9
FNH:4
FNDA:3,hashPassword
FNDA:2,comparePassword
FNDA:2,generateToken
FNDA:3,verifyToken
FNDA:0,registerUser
FNDA:0,loginUser
FNDA:0,getUserById
FNDA:0,getUserByEmail
FNDA:0,updateUserProfile
DA:1,1
DA:2,1
DA:3,1
DA:5,1
DA:6,1
DA:23,3
DA:24,3
DA:25,3
DA:31,2
DA:32,2
DA:38,2
DA:39,2
DA:49,3
DA:50,3
DA:51,3
DA:52,1
DA:58,2
DA:59,2
DA:66,0
DA:71,0
DA:73,0
DA:77,0
DA:78,0
DA:82,0
DA:85,0
DA:94,0
DA:102,0
DA:104,0
DA:106,0
DA:107,0
DA:114,0
DA:115,0
DA:117,0
DA:121,0
DA:122,0
DA:126,0
DA:128,0
DA:129,0
DA:132,0
DA:140,0
DA:142,0
DA:144,0
DA:145,0
DA:152,0
DA:153,0
DA:154,0
DA:158,0
DA:160,0
DA:167,0
DA:168,0
DA:175,0
DA:176,0
DA:177,0
DA:181,0
DA:183,0
DA:190,0
DA:191,0
DA:198,0
DA:202,0
DA:203,0
DA:211,0
DA:218,0
DA:219,0
LF:63
LH:18
BRDA:5,0,0,1
BRDA:5,0,1,0
BRDA:77,1,0,0
BRDA:77,1,1,0
BRDA:121,2,0,0
BRDA:121,2,1,0
BRDA:128,3,0,0
BRDA:128,3,1,0
BRDA:158,4,0,0
BRDA:158,4,1,0
BRDA:181,5,0,0
BRDA:181,5,1,0
BRF:12
BRH:1
end_of_record
TN:
SF:services\businessService.ts
FN:6,mapPrismaBusiness
FN:27,getAllBusinesses
FN:42,getBusinessesByUserId
FN:58,getBusinessById
FN:73,createBusiness
FN:105,updateBusiness
FN:147,deleteBusiness
FN:170,searchBusinesses
FNF:8
FNH:0
FNDA:0,mapPrismaBusiness
FNDA:0,getAllBusinesses
FNDA:0,getBusinessesByUserId
FNDA:0,getBusinessById
FNDA:0,createBusiness
FNDA:0,updateBusiness
FNDA:0,deleteBusiness
FNDA:0,searchBusinesses
DA:1,0
DA:7,0
DA:27,0
DA:28,0
DA:29,0
DA:32,0
DA:34,0
DA:35,0
DA:42,0
DA:43,0
DA:44,0
DA:48,0
DA:50,0
DA:51,0
DA:58,0
DA:59,0
DA:60,0
DA:63,0
DA:65,0
DA:66,0
DA:73,0
DA:77,0
DA:78,0
DA:95,0
DA:97,0
DA:98,0
DA:105,0
DA:110,0
DA:112,0
DA:116,0
DA:117,0
DA:120,0
DA:137,0
DA:139,0
DA:140,0
DA:147,0
DA:148,0
DA:150,0
DA:154,0
DA:155,0
DA:158,0
DA:162,0
DA:163,0
DA:170,0
DA:175,0
DA:176,0
DA:183,0
DA:184,0
DA:187,0
DA:188,0
DA:191,0
DA:196,0
DA:198,0
DA:199,0
LF:54
LH:0
BRDA:14,0,0,0
BRDA:14,0,1,0
BRDA:15,1,0,0
BRDA:15,1,1,0
BRDA:16,2,0,0
BRDA:16,2,1,0
BRDA:17,3,0,0
BRDA:17,3,1,0
BRDA:20,4,0,0
BRDA:20,4,1,0
BRDA:63,5,0,0
BRDA:63,5,1,0
BRDA:88,6,0,0
BRDA:88,6,1,0
BRDA:116,7,0,0
BRDA:116,7,1,0
BRDA:116,8,0,0
BRDA:116,8,1,0
BRDA:154,9,0,0
BRDA:154,9,1,0
BRDA:154,10,0,0
BRDA:154,10,1,0
BRDA:183,11,0,0
BRDA:183,11,1,0
BRDA:187,12,0,0
BRDA:187,12,1,0
BRF:26
BRH:0
end_of_record
TN:
SF:services\db.ts
FNF:0
FNH:0
DA:1,0
DA:3,0
DA:5,0
DA:6,0
DA:11,0
DA:13,0
LF:6
LH:0
BRDA:6,0,0,0
BRDA:6,0,1,0
BRDA:11,1,0,0
BRDA:11,1,1,0
BRF:4
BRH:0
end_of_record
TN:
SF:services\geocodingService.ts
FN:10,(anonymous_1)
FNF:1
FNH:1
FNDA:4,(anonymous_1)
DA:10,4
DA:11,4
DA:13,4
DA:14,4
DA:18,4
DA:20,4
DA:26,4
DA:27,1
DA:30,3
DA:32,3
DA:33,2
DA:39,1
DA:41,1
DA:42,1
LF:14
LH:14
BRDA:26,0,0,1
BRDA:26,0,1,3
BRDA:32,1,0,2
BRDA:32,1,1,1
BRDA:32,2,0,3
BRDA:32,2,1,3
BRF:6
BRH:6
end_of_record
TN:
SF:services\mockDatabase.ts
FN:10,(anonymous_6)
FN:20,(anonymous_7)
FN:28,(anonymous_8)
FN:34,(anonymous_9)
FN:46,(anonymous_10)
FNF:5
FNH:5
FNDA:3,(anonymous_6)
FNDA:1,(anonymous_7)
FNDA:5,(anonymous_8)
FNDA:3,(anonymous_9)
FNDA:1,(anonymous_10)
DA:2,1
DA:4,1
DA:5,1
DA:8,1
DA:10,2
DA:11,3
DA:12,3
DA:13,3
DA:14,2
DA:15,2
DA:17,1
DA:20,1
DA:21,1
DA:22,1
DA:23,1
DA:24,1
DA:25,1
DA:28,5
DA:29,5
DA:30,5
DA:31,5
DA:34,3
DA:35,3
DA:36,3
DA:42,3
DA:43,3
DA:46,1
DA:47,1
DA:48,1
LF:29
LH:29
BRDA:11,0,0,0
BRDA:11,0,1,3
BRDA:13,1,0,2
BRDA:13,1,1,1
BRDA:21,2,0,0
BRDA:21,2,1,1
BRDA:29,3,0,0
BRDA:29,3,1,5
BRDA:31,4,0,3
BRDA:31,4,1,2
BRDA:35,5,0,0
BRDA:35,5,1,3
BRDA:47,6,0,1
BRDA:47,6,1,0
BRF:14
BRH:9
end_of_record
TN:
SF:services\onlineUsers.ts
FN:10,(anonymous_3)
FN:19,(anonymous_4)
FN:25,(anonymous_5)
FN:30,(anonymous_6)
FNF:4
FNH:0
FNDA:0,(anonymous_3)
FNDA:0,(anonymous_4)
FNDA:0,(anonymous_5)
FNDA:0,(anonymous_6)
DA:3,0
DA:5,0
DA:8,0
DA:10,0
DA:11,0
DA:12,0
DA:13,0
DA:14,0
DA:19,0
DA:20,0
DA:21,0
DA:25,0
DA:26,0
DA:27,0
DA:30,0
DA:31,0
DA:32,0
DA:33,0
DA:34,0
DA:35,0
DA:38,0
LF:21
LH:0
BRDA:13,0,0,0
BRDA:13,0,1,0
BRDA:20,1,0,0
BRDA:20,1,1,0
BRDA:34,2,0,0
BRDA:34,2,1,0
BRF:6
BRH:0
end_of_record
